<?xml version="1.0" encoding="UTF-8"?>
<testsuite name="uTest Registration" tests="2" skipped="0" failures="2" errors="0" timestamp="2021-10-31T18:25:34" hostname="LAPTOP-KEUA4AQO" time="98.956">
  <properties/>
  <testcase name="Sign up to uTest" classname="uTest Registration" time="53.849">
    <failure message="java.lang.AssertionError: no such element: Unable to locate element: {&quot;method&quot;:&quot;xpath&quot;,&quot;selector&quot;:&quot;//h1[contains(text(),&quot;Welcome to the world's largest community of freelance software testers!&quot;)]&quot;}&#10;  (Session info: chrome=95.0.4638.54)&#10;For documentation on this error, please visit: https://www.seleniumhq.org/exceptions/no_such_element.html&#10;Build info: version: '3.141.59', revision: 'e82be7d358', time: '2018-11-14T08:17:03'&#10;System info: host: 'LAPTOP-KEUA4AQO', ip: '192.168.1.3', os.name: 'Windows 10', os.arch: 'amd64', os.version: '10.0', java.version: '1.8.0_311'&#10;Driver info: org.openqa.selenium.chrome.ChromeDriver&#10;Capabilities {acceptInsecureCerts: false, browserName: chrome, browserVersion: 95.0.4638.54, chrome: {chromedriverVersion: 94.0.4606.41 (333e85df3c9b6..., userDataDir: C:\Users\Acer\AppData\Local...}, goog:chromeOptions: {debuggerAddress: localhost:58909}, javascriptEnabled: true, networkConnectionEnabled: false, pageLoadStrategy: normal, platform: WINDOWS, platformName: WINDOWS, proxy: Proxy(), setWindowRect: true, strictFileInteractability: false, timeouts: {implicit: 0, pageLoad: 300000, script: 30000}, unhandledPromptBehavior: dismiss and notify, webauthn:extension:credBlob: true, webauthn:extension:largeBlob: true, webauthn:virtualAuthenticators: true}&#10;Session ID: 0a7db27acbca7143d5818b43bd36d21c&#10;*** Element info: {Using=xpath, value=//h1[contains(text(),&quot;Welcome to the world's largest community of freelance software testers!&quot;)]}" type="java.lang.AssertionError">java.lang.AssertionError: no such element: Unable to locate element: {&quot;method&quot;:&quot;xpath&quot;,&quot;selector&quot;:&quot;//h1[contains(text(),&quot;Welcome to the world's largest community of freelance software testers!&quot;)]&quot;}
  (Session info: chrome=95.0.4638.54)
For documentation on this error, please visit: https://www.seleniumhq.org/exceptions/no_such_element.html
Build info: version: '3.141.59', revision: 'e82be7d358', time: '2018-11-14T08:17:03'
System info: host: 'LAPTOP-KEUA4AQO', ip: '192.168.1.3', os.name: 'Windows 10', os.arch: 'amd64', os.version: '10.0', java.version: '1.8.0_311'
Driver info: org.openqa.selenium.chrome.ChromeDriver
Capabilities {acceptInsecureCerts: false, browserName: chrome, browserVersion: 95.0.4638.54, chrome: {chromedriverVersion: 94.0.4606.41 (333e85df3c9b6..., userDataDir: C:\Users\Acer\AppData\Local...}, goog:chromeOptions: {debuggerAddress: localhost:58909}, javascriptEnabled: true, networkConnectionEnabled: false, pageLoadStrategy: normal, platform: WINDOWS, platformName: WINDOWS, proxy: Proxy(), setWindowRect: true, strictFileInteractability: false, timeouts: {implicit: 0, pageLoad: 300000, script: 30000}, unhandledPromptBehavior: dismiss and notify, webauthn:extension:credBlob: true, webauthn:extension:largeBlob: true, webauthn:virtualAuthenticators: true}
Session ID: 0a7db27acbca7143d5818b43bd36d21c
*** Element info: {Using=xpath, value=//h1[contains(text(),&quot;Welcome to the world's largest community of freelance software testers!&quot;)]}
	at net.serenitybdd.screenplay.ErrorTally.throwSummaryExceptionFrom(ErrorTally.java:36)
	at net.serenitybdd.screenplay.ErrorTally.reportAnyErrors(ErrorTally.java:30)
	at net.serenitybdd.screenplay.Actor.should(Actor.java:301)
	at stepdefinitions.UTestRegistrationStepDefinitions.heHasRegisteredOnTheWebsiteAndReceivesAMessage(UTestRegistrationStepDefinitions.java:39)
	at ✽.he has registered on the website and receives a message(src/test/resources/features/uTestRegistration.feature:11)
</failure>
  </testcase>
  <testcase name="Sign up to uTest" classname="uTest Registration" time="45.096">
    <failure message="java.lang.AssertionError: no such element: Unable to locate element: {&quot;method&quot;:&quot;xpath&quot;,&quot;selector&quot;:&quot;//h1[contains(text(),&quot;Welcome to the world's largest community of freelance software testers!&quot;)]&quot;}&#10;  (Session info: chrome=95.0.4638.54)&#10;For documentation on this error, please visit: https://www.seleniumhq.org/exceptions/no_such_element.html&#10;Build info: version: '3.141.59', revision: 'e82be7d358', time: '2018-11-14T08:17:03'&#10;System info: host: 'LAPTOP-KEUA4AQO', ip: '192.168.1.3', os.name: 'Windows 10', os.arch: 'amd64', os.version: '10.0', java.version: '1.8.0_311'&#10;Driver info: org.openqa.selenium.chrome.ChromeDriver&#10;Capabilities {acceptInsecureCerts: false, browserName: chrome, browserVersion: 95.0.4638.54, chrome: {chromedriverVersion: 94.0.4606.41 (333e85df3c9b6..., userDataDir: C:\Users\Acer\AppData\Local...}, goog:chromeOptions: {debuggerAddress: localhost:52087}, javascriptEnabled: true, networkConnectionEnabled: false, pageLoadStrategy: normal, platform: WINDOWS, platformName: WINDOWS, proxy: Proxy(), setWindowRect: true, strictFileInteractability: false, timeouts: {implicit: 0, pageLoad: 300000, script: 30000}, unhandledPromptBehavior: dismiss and notify, webauthn:extension:credBlob: true, webauthn:extension:largeBlob: true, webauthn:virtualAuthenticators: true}&#10;Session ID: 603fc675f68c5bdeaf2fa1ebe9bd9d56&#10;*** Element info: {Using=xpath, value=//h1[contains(text(),&quot;Welcome to the world's largest community of freelance software testers!&quot;)]}" type="java.lang.AssertionError">java.lang.AssertionError: no such element: Unable to locate element: {&quot;method&quot;:&quot;xpath&quot;,&quot;selector&quot;:&quot;//h1[contains(text(),&quot;Welcome to the world's largest community of freelance software testers!&quot;)]&quot;}
  (Session info: chrome=95.0.4638.54)
For documentation on this error, please visit: https://www.seleniumhq.org/exceptions/no_such_element.html
Build info: version: '3.141.59', revision: 'e82be7d358', time: '2018-11-14T08:17:03'
System info: host: 'LAPTOP-KEUA4AQO', ip: '192.168.1.3', os.name: 'Windows 10', os.arch: 'amd64', os.version: '10.0', java.version: '1.8.0_311'
Driver info: org.openqa.selenium.chrome.ChromeDriver
Capabilities {acceptInsecureCerts: false, browserName: chrome, browserVersion: 95.0.4638.54, chrome: {chromedriverVersion: 94.0.4606.41 (333e85df3c9b6..., userDataDir: C:\Users\Acer\AppData\Local...}, goog:chromeOptions: {debuggerAddress: localhost:52087}, javascriptEnabled: true, networkConnectionEnabled: false, pageLoadStrategy: normal, platform: WINDOWS, platformName: WINDOWS, proxy: Proxy(), setWindowRect: true, strictFileInteractability: false, timeouts: {implicit: 0, pageLoad: 300000, script: 30000}, unhandledPromptBehavior: dismiss and notify, webauthn:extension:credBlob: true, webauthn:extension:largeBlob: true, webauthn:virtualAuthenticators: true}
Session ID: 603fc675f68c5bdeaf2fa1ebe9bd9d56
*** Element info: {Using=xpath, value=//h1[contains(text(),&quot;Welcome to the world's largest community of freelance software testers!&quot;)]}
	at net.serenitybdd.screenplay.ErrorTally.throwSummaryExceptionFrom(ErrorTally.java:36)
	at net.serenitybdd.screenplay.ErrorTally.reportAnyErrors(ErrorTally.java:30)
	at net.serenitybdd.screenplay.Actor.should(Actor.java:301)
	at stepdefinitions.UTestRegistrationStepDefinitions.heHasRegisteredOnTheWebsiteAndReceivesAMessage(UTestRegistrationStepDefinitions.java:39)
	at ✽.he has registered on the website and receives a message(src/test/resources/features/uTestRegistration.feature:11)
</failure>
  </testcase>
  <system-out><![CDATA[]]></system-out>
  <system-err><![CDATA[[Test worker] WARN net.thucydides.core.steps.BaseStepListener - stepStarted: net.thucydides.core.steps.ExecutedStepDescription@1e9edad7
[Test worker] WARN net.thucydides.core.steps.BaseStepListener - stepStarted: net.thucydides.core.steps.ExecutedStepDescription@71f8cb32
[Test worker] WARN net.thucydides.core.steps.BaseStepListener - stepStarted: net.thucydides.core.steps.ExecutedStepDescription@1fcdbd6b
oct 31, 2021 1:25:35 PM org.openqa.selenium.remote.DesiredCapabilities chrome
INFORMACIÓN: Using `new ChromeOptions()` is preferred to `DesiredCapabilities.chrome()`
[Test worker] INFO net.serenitybdd.core.webdriver.driverproviders.ProvideNewDriver - Instantiating driver
[Test worker] INFO net.serenitybdd.core.webdriver.driverproviders.ProvideNewDriver - Driver capabilities: Capabilities {acceptInsecureCerts: false, browserName: chrome, chrome.switches: --start-maximized, goog:chromeOptions: {args: [--start-maximized], extensions: []}, loggingPrefs: org.openqa.selenium.logging..., platform: ANY, version: }
Starting ChromeDriver 94.0.4606.41 (333e85df3c9b656b518b5f1add5ff246365b6c24-refs/branch-heads/4606@{#845}) on port 18150
Only local connections are allowed.
Please see https://chromedriver.chromium.org/security-considerations for suggestions on keeping ChromeDriver safe.
ChromeDriver was started successfully.
[1635704741.113][WARNING]: This version of ChromeDriver has not been tested with Chrome version 95.
oct 31, 2021 1:25:41 PM org.openqa.selenium.remote.ProtocolHandshake createSession
INFORMACIÓN: Detected dialect: W3C
[Test worker] WARN net.thucydides.core.steps.BaseStepListener - stepFinished: current outcome:Sign up to uTest:Example: {strFirstName=Juan David, strLastName=Botero, strEmail=soundga226@yahoo.es, strMonthOfBirth=number:1, strDayOfBirth=12, strYearOfBirth=1999, strCity=Bello Antioquia, Colombia, strCodPostal=051050, strPassword=Martinez1985++, strConfirmPassword=Martinez1985++} [Given than Juan wants to sign up to the uTest site [Juan open up [Juan opens the U test page]]]
[Test worker] WARN net.thucydides.core.steps.BaseStepListener - stepStarted: net.thucydides.core.steps.ExecutedStepDescription@5a30b34f
[Test worker] WARN net.thucydides.core.steps.BaseStepListener - stepFinished: current outcome:Sign up to uTest:Example: {strFirstName=Juan David, strLastName=Botero, strEmail=soundga226@yahoo.es, strMonthOfBirth=number:1, strDayOfBirth=12, strYearOfBirth=1999, strCity=Bello Antioquia, Colombia, strCodPostal=051050, strPassword=Martinez1985++, strConfirmPassword=Martinez1985++} [Given than Juan wants to sign up to the uTest site [Juan open up [Juan opens the U test page, Juan clicks on Button that shows us the signup form]]]
[Test worker] WARN net.thucydides.core.steps.BaseStepListener - stepFinished: current outcome:Sign up to uTest:Example: {strFirstName=Juan David, strLastName=Botero, strEmail=soundga226@yahoo.es, strMonthOfBirth=number:1, strDayOfBirth=12, strYearOfBirth=1999, strCity=Bello Antioquia, Colombia, strCodPostal=051050, strPassword=Martinez1985++, strConfirmPassword=Martinez1985++} [Given than Juan wants to sign up to the uTest site [Juan open up [Juan opens the U test page, Juan clicks on Button that shows us the signup form]]]
[Test worker] WARN net.thucydides.core.steps.BaseStepListener - stepFinished: current outcome:Sign up to uTest:Example: {strFirstName=Juan David, strLastName=Botero, strEmail=soundga226@yahoo.es, strMonthOfBirth=number:1, strDayOfBirth=12, strYearOfBirth=1999, strCity=Bello Antioquia, Colombia, strCodPostal=051050, strPassword=Martinez1985++, strConfirmPassword=Martinez1985++} [Given than Juan wants to sign up to the uTest site [Juan open up [Juan opens the U test page, Juan clicks on Button that shows us the signup form]]]
[Test worker] WARN net.thucydides.core.steps.BaseStepListener - stepStarted: net.thucydides.core.steps.ExecutedStepDescription@6ab4d8a6
[Test worker] WARN net.thucydides.core.steps.BaseStepListener - stepStarted: net.thucydides.core.steps.ExecutedStepDescription@26999763
[Test worker] WARN net.thucydides.core.steps.BaseStepListener - stepStarted: net.thucydides.core.steps.ExecutedStepDescription@f60f719
[Test worker] WARN net.thucydides.core.steps.BaseStepListener - stepFinished: current outcome:Sign up to uTest:Example: {strFirstName=Juan David, strLastName=Botero, strEmail=soundga226@yahoo.es, strMonthOfBirth=number:1, strDayOfBirth=12, strYearOfBirth=1999, strCity=Bello Antioquia, Colombia, strCodPostal=051050, strPassword=Martinez1985++, strConfirmPassword=Martinez1985++} [Given than Juan wants to sign up to the uTest site [Juan open up [Juan opens the U test page, Juan clicks on Button that shows us the signup form]], When he fills out the signup form
| strFirstName | strLastName | strEmail | strMonthOfBirth | strDayOfBirth | strYearOfBirth | strCity | strCodPostal | strPassword | strConfirmPassword |
| Juan David | Botero | soundga226@yahoo.es | number:1 | 12 | 1999 | Bello Antioquia, Colombia | 051050 | Martinez1985++ | Martinez1985++ | [Juan registration [Juan enters 'Juan David' into Where the user writes their first name]]]
[Test worker] WARN net.thucydides.core.steps.BaseStepListener - stepStarted: net.thucydides.core.steps.ExecutedStepDescription@61076f8a
[Test worker] WARN net.thucydides.core.steps.BaseStepListener - stepFinished: current outcome:Sign up to uTest:Example: {strFirstName=Juan David, strLastName=Botero, strEmail=soundga226@yahoo.es, strMonthOfBirth=number:1, strDayOfBirth=12, strYearOfBirth=1999, strCity=Bello Antioquia, Colombia, strCodPostal=051050, strPassword=Martinez1985++, strConfirmPassword=Martinez1985++} [Given than Juan wants to sign up to the uTest site [Juan open up [Juan opens the U test page, Juan clicks on Button that shows us the signup form]], When he fills out the signup form
| strFirstName | strLastName | strEmail | strMonthOfBirth | strDayOfBirth | strYearOfBirth | strCity | strCodPostal | strPassword | strConfirmPassword |
| Juan David | Botero | soundga226@yahoo.es | number:1 | 12 | 1999 | Bello Antioquia, Colombia | 051050 | Martinez1985++ | Martinez1985++ | [Juan registration [Juan enters 'Juan David' into Where the user writes their first name, Juan enters 'Botero' into Where the user writes their last name]]]
[Test worker] WARN net.thucydides.core.steps.BaseStepListener - stepStarted: net.thucydides.core.steps.ExecutedStepDescription@5ca65ea9
[Test worker] WARN net.thucydides.core.steps.BaseStepListener - stepFinished: current outcome:Sign up to uTest:Example: {strFirstName=Juan David, strLastName=Botero, strEmail=soundga226@yahoo.es, strMonthOfBirth=number:1, strDayOfBirth=12, strYearOfBirth=1999, strCity=Bello Antioquia, Colombia, strCodPostal=051050, strPassword=Martinez1985++, strConfirmPassword=Martinez1985++} [Given than Juan wants to sign up to the uTest site [Juan open up [Juan opens the U test page, Juan clicks on Button that shows us the signup form]], When he fills out the signup form
| strFirstName | strLastName | strEmail | strMonthOfBirth | strDayOfBirth | strYearOfBirth | strCity | strCodPostal | strPassword | strConfirmPassword |
| Juan David | Botero | soundga226@yahoo.es | number:1 | 12 | 1999 | Bello Antioquia, Colombia | 051050 | Martinez1985++ | Martinez1985++ | [Juan registration [Juan enters 'Juan David' into Where the user writes their first name, Juan enters 'Botero' into Where the user writes their last name, Juan enters 'soundga226@yahoo.es' into Where the user writes their email]]]
[Test worker] WARN net.thucydides.core.steps.BaseStepListener - stepStarted: net.thucydides.core.steps.ExecutedStepDescription@6a2367a3
[Test worker] WARN net.thucydides.core.steps.BaseStepListener - stepFinished: current outcome:Sign up to uTest:Example: {strFirstName=Juan David, strLastName=Botero, strEmail=soundga226@yahoo.es, strMonthOfBirth=number:1, strDayOfBirth=12, strYearOfBirth=1999, strCity=Bello Antioquia, Colombia, strCodPostal=051050, strPassword=Martinez1985++, strConfirmPassword=Martinez1985++} [Given than Juan wants to sign up to the uTest site [Juan open up [Juan opens the U test page, Juan clicks on Button that shows us the signup form]], When he fills out the signup form
| strFirstName | strLastName | strEmail | strMonthOfBirth | strDayOfBirth | strYearOfBirth | strCity | strCodPostal | strPassword | strConfirmPassword |
| Juan David | Botero | soundga226@yahoo.es | number:1 | 12 | 1999 | Bello Antioquia, Colombia | 051050 | Martinez1985++ | Martinez1985++ | [Juan registration [Juan enters 'Juan David' into Where the user writes their first name, Juan enters 'Botero' into Where the user writes their last name, Juan enters 'soundga226@yahoo.es' into Where the user writes their email, Juan enters 'number:1' into Where the user selects their birth month]]]
[Test worker] WARN net.thucydides.core.steps.BaseStepListener - stepStarted: net.thucydides.core.steps.ExecutedStepDescription@122fe69c
[Test worker] WARN net.thucydides.core.steps.BaseStepListener - stepFinished: current outcome:Sign up to uTest:Example: {strFirstName=Juan David, strLastName=Botero, strEmail=soundga226@yahoo.es, strMonthOfBirth=number:1, strDayOfBirth=12, strYearOfBirth=1999, strCity=Bello Antioquia, Colombia, strCodPostal=051050, strPassword=Martinez1985++, strConfirmPassword=Martinez1985++} [Given than Juan wants to sign up to the uTest site [Juan open up [Juan opens the U test page, Juan clicks on Button that shows us the signup form]], When he fills out the signup form
| strFirstName | strLastName | strEmail | strMonthOfBirth | strDayOfBirth | strYearOfBirth | strCity | strCodPostal | strPassword | strConfirmPassword |
| Juan David | Botero | soundga226@yahoo.es | number:1 | 12 | 1999 | Bello Antioquia, Colombia | 051050 | Martinez1985++ | Martinez1985++ | [Juan registration [Juan enters 'Juan David' into Where the user writes their first name, Juan enters 'Botero' into Where the user writes their last name, Juan enters 'soundga226@yahoo.es' into Where the user writes their email, Juan enters 'number:1' into Where the user selects their birth month, Juan enters '12' into Where the user writes their birth day]]]
[Test worker] WARN net.thucydides.core.steps.BaseStepListener - stepStarted: net.thucydides.core.steps.ExecutedStepDescription@2df02f0d
[Test worker] WARN net.thucydides.core.steps.BaseStepListener - stepFinished: current outcome:Sign up to uTest:Example: {strFirstName=Juan David, strLastName=Botero, strEmail=soundga226@yahoo.es, strMonthOfBirth=number:1, strDayOfBirth=12, strYearOfBirth=1999, strCity=Bello Antioquia, Colombia, strCodPostal=051050, strPassword=Martinez1985++, strConfirmPassword=Martinez1985++} [Given than Juan wants to sign up to the uTest site [Juan open up [Juan opens the U test page, Juan clicks on Button that shows us the signup form]], When he fills out the signup form
| strFirstName | strLastName | strEmail | strMonthOfBirth | strDayOfBirth | strYearOfBirth | strCity | strCodPostal | strPassword | strConfirmPassword |
| Juan David | Botero | soundga226@yahoo.es | number:1 | 12 | 1999 | Bello Antioquia, Colombia | 051050 | Martinez1985++ | Martinez1985++ | [Juan registration [Juan enters 'Juan David' into Where the user writes their first name, Juan enters 'Botero' into Where the user writes their last name, Juan enters 'soundga226@yahoo.es' into Where the user writes their email, Juan enters 'number:1' into Where the user selects their birth month, Juan enters '12' into Where the user writes their birth day, Juan enters '1999' into Where the user writes their birth year]]]
[Test worker] WARN net.thucydides.core.steps.BaseStepListener - stepStarted: net.thucydides.core.steps.ExecutedStepDescription@5dff1ed4
[Test worker] WARN net.thucydides.core.steps.BaseStepListener - stepFinished: current outcome:Sign up to uTest:Example: {strFirstName=Juan David, strLastName=Botero, strEmail=soundga226@yahoo.es, strMonthOfBirth=number:1, strDayOfBirth=12, strYearOfBirth=1999, strCity=Bello Antioquia, Colombia, strCodPostal=051050, strPassword=Martinez1985++, strConfirmPassword=Martinez1985++} [Given than Juan wants to sign up to the uTest site [Juan open up [Juan opens the U test page, Juan clicks on Button that shows us the signup form]], When he fills out the signup form
| strFirstName | strLastName | strEmail | strMonthOfBirth | strDayOfBirth | strYearOfBirth | strCity | strCodPostal | strPassword | strConfirmPassword |
| Juan David | Botero | soundga226@yahoo.es | number:1 | 12 | 1999 | Bello Antioquia, Colombia | 051050 | Martinez1985++ | Martinez1985++ | [Juan registration [Juan enters 'Juan David' into Where the user writes their first name, Juan enters 'Botero' into Where the user writes their last name, Juan enters 'soundga226@yahoo.es' into Where the user writes their email, Juan enters 'number:1' into Where the user selects their birth month, Juan enters '12' into Where the user writes their birth day, Juan enters '1999' into Where the user writes their birth year, Juan clicks on Button that shows us the next signup form page]]]
[Test worker] WARN net.thucydides.core.steps.BaseStepListener - stepStarted: net.thucydides.core.steps.ExecutedStepDescription@1326429d
[Test worker] WARN net.thucydides.core.steps.BaseStepListener - stepFinished: current outcome:Sign up to uTest:Example: {strFirstName=Juan David, strLastName=Botero, strEmail=soundga226@yahoo.es, strMonthOfBirth=number:1, strDayOfBirth=12, strYearOfBirth=1999, strCity=Bello Antioquia, Colombia, strCodPostal=051050, strPassword=Martinez1985++, strConfirmPassword=Martinez1985++} [Given than Juan wants to sign up to the uTest site [Juan open up [Juan opens the U test page, Juan clicks on Button that shows us the signup form]], When he fills out the signup form
| strFirstName | strLastName | strEmail | strMonthOfBirth | strDayOfBirth | strYearOfBirth | strCity | strCodPostal | strPassword | strConfirmPassword |
| Juan David | Botero | soundga226@yahoo.es | number:1 | 12 | 1999 | Bello Antioquia, Colombia | 051050 | Martinez1985++ | Martinez1985++ | [Juan registration [Juan enters 'Juan David' into Where the user writes their first name, Juan enters 'Botero' into Where the user writes their last name, Juan enters 'soundga226@yahoo.es' into Where the user writes their email, Juan enters 'number:1' into Where the user selects their birth month, Juan enters '12' into Where the user writes their birth day, Juan enters '1999' into Where the user writes their birth year, Juan clicks on Button that shows us the next signup form page, Juan enters 'Bello Antioquia, Colombia' into Where the user selects their ubication/city]]]
[Test worker] WARN net.thucydides.core.steps.BaseStepListener - stepStarted: net.thucydides.core.steps.ExecutedStepDescription@6563b031
[Test worker] WARN net.thucydides.core.steps.BaseStepListener - stepFinished: current outcome:Sign up to uTest:Example: {strFirstName=Juan David, strLastName=Botero, strEmail=soundga226@yahoo.es, strMonthOfBirth=number:1, strDayOfBirth=12, strYearOfBirth=1999, strCity=Bello Antioquia, Colombia, strCodPostal=051050, strPassword=Martinez1985++, strConfirmPassword=Martinez1985++} [Given than Juan wants to sign up to the uTest site [Juan open up [Juan opens the U test page, Juan clicks on Button that shows us the signup form]], When he fills out the signup form
| strFirstName | strLastName | strEmail | strMonthOfBirth | strDayOfBirth | strYearOfBirth | strCity | strCodPostal | strPassword | strConfirmPassword |
| Juan David | Botero | soundga226@yahoo.es | number:1 | 12 | 1999 | Bello Antioquia, Colombia | 051050 | Martinez1985++ | Martinez1985++ | [Juan registration [Juan enters 'Juan David' into Where the user writes their first name, Juan enters 'Botero' into Where the user writes their last name, Juan enters 'soundga226@yahoo.es' into Where the user writes their email, Juan enters 'number:1' into Where the user selects their birth month, Juan enters '12' into Where the user writes their birth day, Juan enters '1999' into Where the user writes their birth year, Juan clicks on Button that shows us the next signup form page, Juan enters 'Bello Antioquia, Colombia' into Where the user selects their ubication/city, Juan types 'ARROW_DOWN' in Where the user selects their ubication/city]]]
[Test worker] WARN net.thucydides.core.steps.BaseStepListener - stepStarted: net.thucydides.core.steps.ExecutedStepDescription@7990b6a7
[Test worker] WARN net.thucydides.core.steps.BaseStepListener - stepFinished: current outcome:Sign up to uTest:Example: {strFirstName=Juan David, strLastName=Botero, strEmail=soundga226@yahoo.es, strMonthOfBirth=number:1, strDayOfBirth=12, strYearOfBirth=1999, strCity=Bello Antioquia, Colombia, strCodPostal=051050, strPassword=Martinez1985++, strConfirmPassword=Martinez1985++} [Given than Juan wants to sign up to the uTest site [Juan open up [Juan opens the U test page, Juan clicks on Button that shows us the signup form]], When he fills out the signup form
| strFirstName | strLastName | strEmail | strMonthOfBirth | strDayOfBirth | strYearOfBirth | strCity | strCodPostal | strPassword | strConfirmPassword |
| Juan David | Botero | soundga226@yahoo.es | number:1 | 12 | 1999 | Bello Antioquia, Colombia | 051050 | Martinez1985++ | Martinez1985++ | [Juan registration [Juan enters 'Juan David' into Where the user writes their first name, Juan enters 'Botero' into Where the user writes their last name, Juan enters 'soundga226@yahoo.es' into Where the user writes their email, Juan enters 'number:1' into Where the user selects their birth month, Juan enters '12' into Where the user writes their birth day, Juan enters '1999' into Where the user writes their birth year, Juan clicks on Button that shows us the next signup form page, Juan enters 'Bello Antioquia, Colombia' into Where the user selects their ubication/city, Juan types 'ARROW_DOWN' in Where the user selects their ubication/city, Juan types 'ENTER' in Where the user selects their ubication/city]]]
[Test worker] WARN net.thucydides.core.steps.BaseStepListener - stepStarted: net.thucydides.core.steps.ExecutedStepDescription@427b0eb2
[Test worker] WARN net.thucydides.core.steps.BaseStepListener - stepFinished: current outcome:Sign up to uTest:Example: {strFirstName=Juan David, strLastName=Botero, strEmail=soundga226@yahoo.es, strMonthOfBirth=number:1, strDayOfBirth=12, strYearOfBirth=1999, strCity=Bello Antioquia, Colombia, strCodPostal=051050, strPassword=Martinez1985++, strConfirmPassword=Martinez1985++} [Given than Juan wants to sign up to the uTest site [Juan open up [Juan opens the U test page, Juan clicks on Button that shows us the signup form]], When he fills out the signup form
| strFirstName | strLastName | strEmail | strMonthOfBirth | strDayOfBirth | strYearOfBirth | strCity | strCodPostal | strPassword | strConfirmPassword |
| Juan David | Botero | soundga226@yahoo.es | number:1 | 12 | 1999 | Bello Antioquia, Colombia | 051050 | Martinez1985++ | Martinez1985++ | [Juan registration [Juan enters 'Juan David' into Where the user writes their first name, Juan enters 'Botero' into Where the user writes their last name, Juan enters 'soundga226@yahoo.es' into Where the user writes their email, Juan enters 'number:1' into Where the user selects their birth month, Juan enters '12' into Where the user writes their birth day, Juan enters '1999' into Where the user writes their birth year, Juan clicks on Button that shows us the next signup form page, Juan enters 'Bello Antioquia, Colombia' into Where the user selects their ubication/city, Juan types 'ARROW_DOWN' in Where the user selects their ubication/city, Juan types 'ENTER' in Where the user selects their ubication/city, Juan enters '051050' into Where the user puts their postal code]]]
[Test worker] WARN net.thucydides.core.steps.BaseStepListener - stepStarted: net.thucydides.core.steps.ExecutedStepDescription@716c60ba
[Test worker] WARN net.thucydides.core.steps.BaseStepListener - stepFinished: current outcome:Sign up to uTest:Example: {strFirstName=Juan David, strLastName=Botero, strEmail=soundga226@yahoo.es, strMonthOfBirth=number:1, strDayOfBirth=12, strYearOfBirth=1999, strCity=Bello Antioquia, Colombia, strCodPostal=051050, strPassword=Martinez1985++, strConfirmPassword=Martinez1985++} [Given than Juan wants to sign up to the uTest site [Juan open up [Juan opens the U test page, Juan clicks on Button that shows us the signup form]], When he fills out the signup form
| strFirstName | strLastName | strEmail | strMonthOfBirth | strDayOfBirth | strYearOfBirth | strCity | strCodPostal | strPassword | strConfirmPassword |
| Juan David | Botero | soundga226@yahoo.es | number:1 | 12 | 1999 | Bello Antioquia, Colombia | 051050 | Martinez1985++ | Martinez1985++ | [Juan registration [Juan enters 'Juan David' into Where the user writes their first name, Juan enters 'Botero' into Where the user writes their last name, Juan enters 'soundga226@yahoo.es' into Where the user writes their email, Juan enters 'number:1' into Where the user selects their birth month, Juan enters '12' into Where the user writes their birth day, Juan enters '1999' into Where the user writes their birth year, Juan clicks on Button that shows us the next signup form page, Juan enters 'Bello Antioquia, Colombia' into Where the user selects their ubication/city, Juan types 'ARROW_DOWN' in Where the user selects their ubication/city, Juan types 'ENTER' in Where the user selects their ubication/city, Juan enters '051050' into Where the user puts their postal code, Juan clicks on Button that shows us the next signup form page]]]
[Test worker] WARN net.thucydides.core.steps.BaseStepListener - stepStarted: net.thucydides.core.steps.ExecutedStepDescription@1158a24
[Test worker] WARN net.thucydides.core.steps.BaseStepListener - stepFinished: current outcome:Sign up to uTest:Example: {strFirstName=Juan David, strLastName=Botero, strEmail=soundga226@yahoo.es, strMonthOfBirth=number:1, strDayOfBirth=12, strYearOfBirth=1999, strCity=Bello Antioquia, Colombia, strCodPostal=051050, strPassword=Martinez1985++, strConfirmPassword=Martinez1985++} [Given than Juan wants to sign up to the uTest site [Juan open up [Juan opens the U test page, Juan clicks on Button that shows us the signup form]], When he fills out the signup form
| strFirstName | strLastName | strEmail | strMonthOfBirth | strDayOfBirth | strYearOfBirth | strCity | strCodPostal | strPassword | strConfirmPassword |
| Juan David | Botero | soundga226@yahoo.es | number:1 | 12 | 1999 | Bello Antioquia, Colombia | 051050 | Martinez1985++ | Martinez1985++ | [Juan registration [Juan enters 'Juan David' into Where the user writes their first name, Juan enters 'Botero' into Where the user writes their last name, Juan enters 'soundga226@yahoo.es' into Where the user writes their email, Juan enters 'number:1' into Where the user selects their birth month, Juan enters '12' into Where the user writes their birth day, Juan enters '1999' into Where the user writes their birth year, Juan clicks on Button that shows us the next signup form page, Juan enters 'Bello Antioquia, Colombia' into Where the user selects their ubication/city, Juan types 'ARROW_DOWN' in Where the user selects their ubication/city, Juan types 'ENTER' in Where the user selects their ubication/city, Juan enters '051050' into Where the user puts their postal code, Juan clicks on Button that shows us the next signup form page, Juan clicks on Button that shows us the last signup form page]]]
[Test worker] WARN net.thucydides.core.steps.BaseStepListener - stepStarted: net.thucydides.core.steps.ExecutedStepDescription@6c6b9e2c
[Test worker] WARN net.thucydides.core.steps.BaseStepListener - stepFinished: current outcome:Sign up to uTest:Example: {strFirstName=Juan David, strLastName=Botero, strEmail=soundga226@yahoo.es, strMonthOfBirth=number:1, strDayOfBirth=12, strYearOfBirth=1999, strCity=Bello Antioquia, Colombia, strCodPostal=051050, strPassword=Martinez1985++, strConfirmPassword=Martinez1985++} [Given than Juan wants to sign up to the uTest site [Juan open up [Juan opens the U test page, Juan clicks on Button that shows us the signup form]], When he fills out the signup form
| strFirstName | strLastName | strEmail | strMonthOfBirth | strDayOfBirth | strYearOfBirth | strCity | strCodPostal | strPassword | strConfirmPassword |
| Juan David | Botero | soundga226@yahoo.es | number:1 | 12 | 1999 | Bello Antioquia, Colombia | 051050 | Martinez1985++ | Martinez1985++ | [Juan registration [Juan enters 'Juan David' into Where the user writes their first name, Juan enters 'Botero' into Where the user writes their last name, Juan enters 'soundga226@yahoo.es' into Where the user writes their email, Juan enters 'number:1' into Where the user selects their birth month, Juan enters '12' into Where the user writes their birth day, Juan enters '1999' into Where the user writes their birth year, Juan clicks on Button that shows us the next signup form page, Juan enters 'Bello Antioquia, Colombia' into Where the user selects their ubication/city, Juan types 'ARROW_DOWN' in Where the user selects their ubication/city, Juan types 'ENTER' in Where the user selects their ubication/city, Juan enters '051050' into Where the user puts their postal code, Juan clicks on Button that shows us the next signup form page, Juan clicks on Button that shows us the last signup form page, Juan enters 'Martinez1985++' into Where the user writes their password]]]
[Test worker] WARN net.thucydides.core.steps.BaseStepListener - stepStarted: net.thucydides.core.steps.ExecutedStepDescription@7e872cfa
[Test worker] WARN net.thucydides.core.steps.BaseStepListener - stepFinished: current outcome:Sign up to uTest:Example: {strFirstName=Juan David, strLastName=Botero, strEmail=soundga226@yahoo.es, strMonthOfBirth=number:1, strDayOfBirth=12, strYearOfBirth=1999, strCity=Bello Antioquia, Colombia, strCodPostal=051050, strPassword=Martinez1985++, strConfirmPassword=Martinez1985++} [Given than Juan wants to sign up to the uTest site [Juan open up [Juan opens the U test page, Juan clicks on Button that shows us the signup form]], When he fills out the signup form
| strFirstName | strLastName | strEmail | strMonthOfBirth | strDayOfBirth | strYearOfBirth | strCity | strCodPostal | strPassword | strConfirmPassword |
| Juan David | Botero | soundga226@yahoo.es | number:1 | 12 | 1999 | Bello Antioquia, Colombia | 051050 | Martinez1985++ | Martinez1985++ | [Juan registration [Juan enters 'Juan David' into Where the user writes their first name, Juan enters 'Botero' into Where the user writes their last name, Juan enters 'soundga226@yahoo.es' into Where the user writes their email, Juan enters 'number:1' into Where the user selects their birth month, Juan enters '12' into Where the user writes their birth day, Juan enters '1999' into Where the user writes their birth year, Juan clicks on Button that shows us the next signup form page, Juan enters 'Bello Antioquia, Colombia' into Where the user selects their ubication/city, Juan types 'ARROW_DOWN' in Where the user selects their ubication/city, Juan types 'ENTER' in Where the user selects their ubication/city, Juan enters '051050' into Where the user puts their postal code, Juan clicks on Button that shows us the next signup form page, Juan clicks on Button that shows us the last signup form page, Juan enters 'Martinez1985++' into Where the user writes their password, Juan enters 'Martinez1985++' into Where the user confirms their password]]]
[Test worker] WARN net.thucydides.core.steps.BaseStepListener - stepStarted: net.thucydides.core.steps.ExecutedStepDescription@7df5f95a
[Test worker] WARN net.thucydides.core.steps.BaseStepListener - stepFinished: current outcome:Sign up to uTest:Example: {strFirstName=Juan David, strLastName=Botero, strEmail=soundga226@yahoo.es, strMonthOfBirth=number:1, strDayOfBirth=12, strYearOfBirth=1999, strCity=Bello Antioquia, Colombia, strCodPostal=051050, strPassword=Martinez1985++, strConfirmPassword=Martinez1985++} [Given than Juan wants to sign up to the uTest site [Juan open up [Juan opens the U test page, Juan clicks on Button that shows us the signup form]], When he fills out the signup form
| strFirstName | strLastName | strEmail | strMonthOfBirth | strDayOfBirth | strYearOfBirth | strCity | strCodPostal | strPassword | strConfirmPassword |
| Juan David | Botero | soundga226@yahoo.es | number:1 | 12 | 1999 | Bello Antioquia, Colombia | 051050 | Martinez1985++ | Martinez1985++ | [Juan registration [Juan enters 'Juan David' into Where the user writes their first name, Juan enters 'Botero' into Where the user writes their last name, Juan enters 'soundga226@yahoo.es' into Where the user writes their email, Juan enters 'number:1' into Where the user selects their birth month, Juan enters '12' into Where the user writes their birth day, Juan enters '1999' into Where the user writes their birth year, Juan clicks on Button that shows us the next signup form page, Juan enters 'Bello Antioquia, Colombia' into Where the user selects their ubication/city, Juan types 'ARROW_DOWN' in Where the user selects their ubication/city, Juan types 'ENTER' in Where the user selects their ubication/city, Juan enters '051050' into Where the user puts their postal code, Juan clicks on Button that shows us the next signup form page, Juan clicks on Button that shows us the last signup form page, Juan enters 'Martinez1985++' into Where the user writes their password, Juan enters 'Martinez1985++' into Where the user confirms their password, Juan clicks on Where the user accepts the uTest Terms of Use]]]
[Test worker] WARN net.thucydides.core.steps.BaseStepListener - stepStarted: net.thucydides.core.steps.ExecutedStepDescription@2dba35fc
[Test worker] WARN net.thucydides.core.steps.BaseStepListener - stepFinished: current outcome:Sign up to uTest:Example: {strFirstName=Juan David, strLastName=Botero, strEmail=soundga226@yahoo.es, strMonthOfBirth=number:1, strDayOfBirth=12, strYearOfBirth=1999, strCity=Bello Antioquia, Colombia, strCodPostal=051050, strPassword=Martinez1985++, strConfirmPassword=Martinez1985++} [Given than Juan wants to sign up to the uTest site [Juan open up [Juan opens the U test page, Juan clicks on Button that shows us the signup form]], When he fills out the signup form
| strFirstName | strLastName | strEmail | strMonthOfBirth | strDayOfBirth | strYearOfBirth | strCity | strCodPostal | strPassword | strConfirmPassword |
| Juan David | Botero | soundga226@yahoo.es | number:1 | 12 | 1999 | Bello Antioquia, Colombia | 051050 | Martinez1985++ | Martinez1985++ | [Juan registration [Juan enters 'Juan David' into Where the user writes their first name, Juan enters 'Botero' into Where the user writes their last name, Juan enters 'soundga226@yahoo.es' into Where the user writes their email, Juan enters 'number:1' into Where the user selects their birth month, Juan enters '12' into Where the user writes their birth day, Juan enters '1999' into Where the user writes their birth year, Juan clicks on Button that shows us the next signup form page, Juan enters 'Bello Antioquia, Colombia' into Where the user selects their ubication/city, Juan types 'ARROW_DOWN' in Where the user selects their ubication/city, Juan types 'ENTER' in Where the user selects their ubication/city, Juan enters '051050' into Where the user puts their postal code, Juan clicks on Button that shows us the next signup form page, Juan clicks on Button that shows us the last signup form page, Juan enters 'Martinez1985++' into Where the user writes their password, Juan enters 'Martinez1985++' into Where the user confirms their password, Juan clicks on Where the user accepts the uTest Terms of Use, Juan clicks on Where the user accepts the uTest Privacy Policy]]]
[Test worker] WARN net.thucydides.core.steps.BaseStepListener - stepStarted: net.thucydides.core.steps.ExecutedStepDescription@7efc65fc
[Test worker] WARN net.thucydides.core.steps.BaseStepListener - stepFinished: current outcome:Sign up to uTest:Example: {strFirstName=Juan David, strLastName=Botero, strEmail=soundga226@yahoo.es, strMonthOfBirth=number:1, strDayOfBirth=12, strYearOfBirth=1999, strCity=Bello Antioquia, Colombia, strCodPostal=051050, strPassword=Martinez1985++, strConfirmPassword=Martinez1985++} [Given than Juan wants to sign up to the uTest site [Juan open up [Juan opens the U test page, Juan clicks on Button that shows us the signup form]], When he fills out the signup form
| strFirstName | strLastName | strEmail | strMonthOfBirth | strDayOfBirth | strYearOfBirth | strCity | strCodPostal | strPassword | strConfirmPassword |
| Juan David | Botero | soundga226@yahoo.es | number:1 | 12 | 1999 | Bello Antioquia, Colombia | 051050 | Martinez1985++ | Martinez1985++ | [Juan registration [Juan enters 'Juan David' into Where the user writes their first name, Juan enters 'Botero' into Where the user writes their last name, Juan enters 'soundga226@yahoo.es' into Where the user writes their email, Juan enters 'number:1' into Where the user selects their birth month, Juan enters '12' into Where the user writes their birth day, Juan enters '1999' into Where the user writes their birth year, Juan clicks on Button that shows us the next signup form page, Juan enters 'Bello Antioquia, Colombia' into Where the user selects their ubication/city, Juan types 'ARROW_DOWN' in Where the user selects their ubication/city, Juan types 'ENTER' in Where the user selects their ubication/city, Juan enters '051050' into Where the user puts their postal code, Juan clicks on Button that shows us the next signup form page, Juan clicks on Button that shows us the last signup form page, Juan enters 'Martinez1985++' into Where the user writes their password, Juan enters 'Martinez1985++' into Where the user confirms their password, Juan clicks on Where the user accepts the uTest Terms of Use, Juan clicks on Where the user accepts the uTest Privacy Policy, Juan clicks on Button that completes the setup]]]
[Test worker] WARN net.thucydides.core.steps.BaseStepListener - stepFinished: current outcome:Sign up to uTest:Example: {strFirstName=Juan David, strLastName=Botero, strEmail=soundga226@yahoo.es, strMonthOfBirth=number:1, strDayOfBirth=12, strYearOfBirth=1999, strCity=Bello Antioquia, Colombia, strCodPostal=051050, strPassword=Martinez1985++, strConfirmPassword=Martinez1985++} [Given than Juan wants to sign up to the uTest site [Juan open up [Juan opens the U test page, Juan clicks on Button that shows us the signup form]], When he fills out the signup form
| strFirstName | strLastName | strEmail | strMonthOfBirth | strDayOfBirth | strYearOfBirth | strCity | strCodPostal | strPassword | strConfirmPassword |
| Juan David | Botero | soundga226@yahoo.es | number:1 | 12 | 1999 | Bello Antioquia, Colombia | 051050 | Martinez1985++ | Martinez1985++ | [Juan registration [Juan enters 'Juan David' into Where the user writes their first name, Juan enters 'Botero' into Where the user writes their last name, Juan enters 'soundga226@yahoo.es' into Where the user writes their email, Juan enters 'number:1' into Where the user selects their birth month, Juan enters '12' into Where the user writes their birth day, Juan enters '1999' into Where the user writes their birth year, Juan clicks on Button that shows us the next signup form page, Juan enters 'Bello Antioquia, Colombia' into Where the user selects their ubication/city, Juan types 'ARROW_DOWN' in Where the user selects their ubication/city, Juan types 'ENTER' in Where the user selects their ubication/city, Juan enters '051050' into Where the user puts their postal code, Juan clicks on Button that shows us the next signup form page, Juan clicks on Button that shows us the last signup form page, Juan enters 'Martinez1985++' into Where the user writes their password, Juan enters 'Martinez1985++' into Where the user confirms their password, Juan clicks on Where the user accepts the uTest Terms of Use, Juan clicks on Where the user accepts the uTest Privacy Policy, Juan clicks on Button that completes the setup]]]
[Test worker] WARN net.thucydides.core.steps.BaseStepListener - stepFinished: current outcome:Sign up to uTest:Example: {strFirstName=Juan David, strLastName=Botero, strEmail=soundga226@yahoo.es, strMonthOfBirth=number:1, strDayOfBirth=12, strYearOfBirth=1999, strCity=Bello Antioquia, Colombia, strCodPostal=051050, strPassword=Martinez1985++, strConfirmPassword=Martinez1985++} [Given than Juan wants to sign up to the uTest site [Juan open up [Juan opens the U test page, Juan clicks on Button that shows us the signup form]], When he fills out the signup form
| strFirstName | strLastName | strEmail | strMonthOfBirth | strDayOfBirth | strYearOfBirth | strCity | strCodPostal | strPassword | strConfirmPassword |
| Juan David | Botero | soundga226@yahoo.es | number:1 | 12 | 1999 | Bello Antioquia, Colombia | 051050 | Martinez1985++ | Martinez1985++ | [Juan registration [Juan enters 'Juan David' into Where the user writes their first name, Juan enters 'Botero' into Where the user writes their last name, Juan enters 'soundga226@yahoo.es' into Where the user writes their email, Juan enters 'number:1' into Where the user selects their birth month, Juan enters '12' into Where the user writes their birth day, Juan enters '1999' into Where the user writes their birth year, Juan clicks on Button that shows us the next signup form page, Juan enters 'Bello Antioquia, Colombia' into Where the user selects their ubication/city, Juan types 'ARROW_DOWN' in Where the user selects their ubication/city, Juan types 'ENTER' in Where the user selects their ubication/city, Juan enters '051050' into Where the user puts their postal code, Juan clicks on Button that shows us the next signup form page, Juan clicks on Button that shows us the last signup form page, Juan enters 'Martinez1985++' into Where the user writes their password, Juan enters 'Martinez1985++' into Where the user confirms their password, Juan clicks on Where the user accepts the uTest Terms of Use, Juan clicks on Where the user accepts the uTest Privacy Policy, Juan clicks on Button that completes the setup]]]
[Test worker] WARN net.thucydides.core.steps.BaseStepListener - stepStarted: net.thucydides.core.steps.ExecutedStepDescription@74f1918c
[Test worker] WARN net.thucydides.core.steps.BaseStepListener - stepStarted: net.thucydides.core.steps.ExecutedStepDescription@1a9c5c8c
[Test worker] WARN net.thucydides.core.steps.BaseStepListener - testFinished: Sign up to uTest:Example: {strFirstName=Juan David, strLastName=Botero, strEmail=soundga226@yahoo.es, strMonthOfBirth=number:1, strDayOfBirth=12, strYearOfBirth=1999, strCity=Bello Antioquia, Colombia, strCodPostal=051050, strPassword=Martinez1985++, strConfirmPassword=Martinez1985++} [Given than Juan wants to sign up to the uTest site [Juan open up [Juan opens the U test page, Juan clicks on Button that shows us the signup form]], When he fills out the signup form
| strFirstName | strLastName | strEmail | strMonthOfBirth | strDayOfBirth | strYearOfBirth | strCity | strCodPostal | strPassword | strConfirmPassword |
| Juan David | Botero | soundga226@yahoo.es | number:1 | 12 | 1999 | Bello Antioquia, Colombia | 051050 | Martinez1985++ | Martinez1985++ | [Juan registration [Juan enters 'Juan David' into Where the user writes their first name, Juan enters 'Botero' into Where the user writes their last name, Juan enters 'soundga226@yahoo.es' into Where the user writes their email, Juan enters 'number:1' into Where the user selects their birth month, Juan enters '12' into Where the user writes their birth day, Juan enters '1999' into Where the user writes their birth year, Juan clicks on Button that shows us the next signup form page, Juan enters 'Bello Antioquia, Colombia' into Where the user selects their ubication/city, Juan types 'ARROW_DOWN' in Where the user selects their ubication/city, Juan types 'ENTER' in Where the user selects their ubication/city, Juan enters '051050' into Where the user puts their postal code, Juan clicks on Button that shows us the next signup form page, Juan clicks on Button that shows us the last signup form page, Juan enters 'Martinez1985++' into Where the user writes their password, Juan enters 'Martinez1985++' into Where the user confirms their password, Juan clicks on Where the user accepts the uTest Terms of Use, Juan clicks on Where the user accepts the uTest Privacy Policy, Juan clicks on Button that completes the setup]], Then he has registered on the website and receives a message
| strMessage |
| Welcome to the world's largest community of freelance software testers! | [Then answer]]
[Test worker] WARN net.thucydides.core.steps.BaseStepListener - TestOutcomes: [Sign up to uTest:Example: {strFirstName=Juan David, strLastName=Botero, strEmail=soundga226@yahoo.es, strMonthOfBirth=number:1, strDayOfBirth=12, strYearOfBirth=1999, strCity=Bello Antioquia, Colombia, strCodPostal=051050, strPassword=Martinez1985++, strConfirmPassword=Martinez1985++} [Given than Juan wants to sign up to the uTest site [Juan open up [Juan opens the U test page, Juan clicks on Button that shows us the signup form]], When he fills out the signup form
| strFirstName | strLastName | strEmail | strMonthOfBirth | strDayOfBirth | strYearOfBirth | strCity | strCodPostal | strPassword | strConfirmPassword |
| Juan David | Botero | soundga226@yahoo.es | number:1 | 12 | 1999 | Bello Antioquia, Colombia | 051050 | Martinez1985++ | Martinez1985++ | [Juan registration [Juan enters 'Juan David' into Where the user writes their first name, Juan enters 'Botero' into Where the user writes their last name, Juan enters 'soundga226@yahoo.es' into Where the user writes their email, Juan enters 'number:1' into Where the user selects their birth month, Juan enters '12' into Where the user writes their birth day, Juan enters '1999' into Where the user writes their birth year, Juan clicks on Button that shows us the next signup form page, Juan enters 'Bello Antioquia, Colombia' into Where the user selects their ubication/city, Juan types 'ARROW_DOWN' in Where the user selects their ubication/city, Juan types 'ENTER' in Where the user selects their ubication/city, Juan enters '051050' into Where the user puts their postal code, Juan clicks on Button that shows us the next signup form page, Juan clicks on Button that shows us the last signup form page, Juan enters 'Martinez1985++' into Where the user writes their password, Juan enters 'Martinez1985++' into Where the user confirms their password, Juan clicks on Where the user accepts the uTest Terms of Use, Juan clicks on Where the user accepts the uTest Privacy Policy, Juan clicks on Button that completes the setup]], Then he has registered on the website and receives a message
| strMessage |
| Welcome to the world's largest community of freelance software testers! | [Then answer]]]
[Test worker] WARN net.thucydides.core.steps.BaseStepListener - Final testOutcomes: [Sign up to uTest:Example: {strFirstName=Juan David, strLastName=Botero, strEmail=soundga226@yahoo.es, strMonthOfBirth=number:1, strDayOfBirth=12, strYearOfBirth=1999, strCity=Bello Antioquia, Colombia, strCodPostal=051050, strPassword=Martinez1985++, strConfirmPassword=Martinez1985++} [Given than Juan wants to sign up to the uTest site [Juan open up [Juan opens the U test page, Juan clicks on Button that shows us the signup form]], When he fills out the signup form
| strFirstName | strLastName | strEmail | strMonthOfBirth | strDayOfBirth | strYearOfBirth | strCity | strCodPostal | strPassword | strConfirmPassword |
| Juan David | Botero | soundga226@yahoo.es | number:1 | 12 | 1999 | Bello Antioquia, Colombia | 051050 | Martinez1985++ | Martinez1985++ | [Juan registration [Juan enters 'Juan David' into Where the user writes their first name, Juan enters 'Botero' into Where the user writes their last name, Juan enters 'soundga226@yahoo.es' into Where the user writes their email, Juan enters 'number:1' into Where the user selects their birth month, Juan enters '12' into Where the user writes their birth day, Juan enters '1999' into Where the user writes their birth year, Juan clicks on Button that shows us the next signup form page, Juan enters 'Bello Antioquia, Colombia' into Where the user selects their ubication/city, Juan types 'ARROW_DOWN' in Where the user selects their ubication/city, Juan types 'ENTER' in Where the user selects their ubication/city, Juan enters '051050' into Where the user puts their postal code, Juan clicks on Button that shows us the next signup form page, Juan clicks on Button that shows us the last signup form page, Juan enters 'Martinez1985++' into Where the user writes their password, Juan enters 'Martinez1985++' into Where the user confirms their password, Juan clicks on Where the user accepts the uTest Terms of Use, Juan clicks on Where the user accepts the uTest Privacy Policy, Juan clicks on Button that completes the setup]], Then he has registered on the website and receives a message
| strMessage |
| Welcome to the world's largest community of freelance software testers! | [Then answer]]]
[Test worker] ERROR net.thucydides.core.steps.ConsoleLoggingListener - 
           __  _____ _____ ____ _____   _____ _    ___ _     _____ ____  
  _       / / |_   _| ____/ ___|_   _| |  ___/ \  |_ _| |   | ____|  _ \ 
 (_)_____| |    | | |  _| \___ \ | |   | |_ / _ \  | || |   |  _| | | | |
  _|_____| |    | | | |___ ___) || |   |  _/ ___ \ | || |___| |___| |_| |
 (_)     | |    |_| |_____|____/ |_|   |_|/_/   \_\___|_____|_____|____/ 
          \_\                                                            

TEST FAILED WITH ERROR: Sign up to uTest
---------------------------------------------------------------------
[Test worker] ERROR net.thucydides.core.steps.ConsoleLoggingListener - TEST FAILED AT STEP Then answer
[Test worker] ERROR net.thucydides.core.steps.ConsoleLoggingListener - no such element: Unable to locate element: {"method":"xpath","selector":"//h1[contains(text(),"Welcome to the world's largest community of freelance software testers!")]"}
[Test worker] WARN net.thucydides.core.steps.BaseStepListener - stepStarted: net.thucydides.core.steps.ExecutedStepDescription@165b23d1
[Test worker] WARN net.thucydides.core.steps.BaseStepListener - stepStarted: net.thucydides.core.steps.ExecutedStepDescription@4cd44f16
[Test worker] WARN net.thucydides.core.steps.BaseStepListener - stepStarted: net.thucydides.core.steps.ExecutedStepDescription@f41cd11
oct 31, 2021 1:26:28 PM org.openqa.selenium.remote.DesiredCapabilities chrome
INFORMACIÓN: Using `new ChromeOptions()` is preferred to `DesiredCapabilities.chrome()`
[Test worker] INFO net.serenitybdd.core.webdriver.driverproviders.ProvideNewDriver - Instantiating driver
[Test worker] INFO net.serenitybdd.core.webdriver.driverproviders.ProvideNewDriver - Driver capabilities: Capabilities {acceptInsecureCerts: false, browserName: chrome, chrome.switches: --start-maximized, goog:chromeOptions: {args: [--start-maximized], extensions: []}, loggingPrefs: org.openqa.selenium.logging..., platform: ANY, version: }
Starting ChromeDriver 94.0.4606.41 (333e85df3c9b656b518b5f1add5ff246365b6c24-refs/branch-heads/4606@{#845}) on port 37556
Only local connections are allowed.
Please see https://chromedriver.chromium.org/security-considerations for suggestions on keeping ChromeDriver safe.
ChromeDriver was started successfully.
[1635704790.553][WARNING]: This version of ChromeDriver has not been tested with Chrome version 95.
oct 31, 2021 1:26:30 PM org.openqa.selenium.remote.ProtocolHandshake createSession
INFORMACIÓN: Detected dialect: W3C
[Test worker] WARN net.thucydides.core.steps.BaseStepListener - stepFinished: current outcome:Sign up to uTest:Example: {strFirstName=Juan David, strLastName=Botero, strEmail=soundga226@yahoo.es, strMonthOfBirth=number:1, strDayOfBirth=12, strYearOfBirth=1999, strCity=Bello Antioquia, Colombia, strCodPostal=051050, strPassword=Martinez1985++, strConfirmPassword=Martinez1985++} [Given than Juan wants to sign up to the uTest site [Juan open up [Juan opens the U test page, Juan clicks on Button that shows us the signup form]], When he fills out the signup form
| strFirstName | strLastName | strEmail | strMonthOfBirth | strDayOfBirth | strYearOfBirth | strCity | strCodPostal | strPassword | strConfirmPassword |
| Juan David | Botero | soundga226@yahoo.es | number:1 | 12 | 1999 | Bello Antioquia, Colombia | 051050 | Martinez1985++ | Martinez1985++ | [Juan registration [Juan enters 'Juan David' into Where the user writes their first name, Juan enters 'Botero' into Where the user writes their last name, Juan enters 'soundga226@yahoo.es' into Where the user writes their email, Juan enters 'number:1' into Where the user selects their birth month, Juan enters '12' into Where the user writes their birth day, Juan enters '1999' into Where the user writes their birth year, Juan clicks on Button that shows us the next signup form page, Juan enters 'Bello Antioquia, Colombia' into Where the user selects their ubication/city, Juan types 'ARROW_DOWN' in Where the user selects their ubication/city, Juan types 'ENTER' in Where the user selects their ubication/city, Juan enters '051050' into Where the user puts their postal code, Juan clicks on Button that shows us the next signup form page, Juan clicks on Button that shows us the last signup form page, Juan enters 'Martinez1985++' into Where the user writes their password, Juan enters 'Martinez1985++' into Where the user confirms their password, Juan clicks on Where the user accepts the uTest Terms of Use, Juan clicks on Where the user accepts the uTest Privacy Policy, Juan clicks on Button that completes the setup]], Then he has registered on the website and receives a message
| strMessage |
| Welcome to the world's largest community of freelance software testers! | [Then answer]], Example: {strFirstName=Wilson, strLastName=Medina, strEmail=abcd@yahoo.es, strMonthOfBirth=number:7, strDayOfBirth=12, strYearOfBirth=1999, strCity=Medellin, strCodPostal=051050, strPassword=Martinez1985++, strConfirmPassword=Martinez1985++} [Given than Juan wants to sign up to the uTest site [Juan open up [Juan opens the U test page]]]
[Test worker] WARN net.thucydides.core.steps.BaseStepListener - stepStarted: net.thucydides.core.steps.ExecutedStepDescription@78508430
[Test worker] WARN net.thucydides.core.steps.BaseStepListener - stepFinished: current outcome:Sign up to uTest:Example: {strFirstName=Juan David, strLastName=Botero, strEmail=soundga226@yahoo.es, strMonthOfBirth=number:1, strDayOfBirth=12, strYearOfBirth=1999, strCity=Bello Antioquia, Colombia, strCodPostal=051050, strPassword=Martinez1985++, strConfirmPassword=Martinez1985++} [Given than Juan wants to sign up to the uTest site [Juan open up [Juan opens the U test page, Juan clicks on Button that shows us the signup form]], When he fills out the signup form
| strFirstName | strLastName | strEmail | strMonthOfBirth | strDayOfBirth | strYearOfBirth | strCity | strCodPostal | strPassword | strConfirmPassword |
| Juan David | Botero | soundga226@yahoo.es | number:1 | 12 | 1999 | Bello Antioquia, Colombia | 051050 | Martinez1985++ | Martinez1985++ | [Juan registration [Juan enters 'Juan David' into Where the user writes their first name, Juan enters 'Botero' into Where the user writes their last name, Juan enters 'soundga226@yahoo.es' into Where the user writes their email, Juan enters 'number:1' into Where the user selects their birth month, Juan enters '12' into Where the user writes their birth day, Juan enters '1999' into Where the user writes their birth year, Juan clicks on Button that shows us the next signup form page, Juan enters 'Bello Antioquia, Colombia' into Where the user selects their ubication/city, Juan types 'ARROW_DOWN' in Where the user selects their ubication/city, Juan types 'ENTER' in Where the user selects their ubication/city, Juan enters '051050' into Where the user puts their postal code, Juan clicks on Button that shows us the next signup form page, Juan clicks on Button that shows us the last signup form page, Juan enters 'Martinez1985++' into Where the user writes their password, Juan enters 'Martinez1985++' into Where the user confirms their password, Juan clicks on Where the user accepts the uTest Terms of Use, Juan clicks on Where the user accepts the uTest Privacy Policy, Juan clicks on Button that completes the setup]], Then he has registered on the website and receives a message
| strMessage |
| Welcome to the world's largest community of freelance software testers! | [Then answer]], Example: {strFirstName=Wilson, strLastName=Medina, strEmail=abcd@yahoo.es, strMonthOfBirth=number:7, strDayOfBirth=12, strYearOfBirth=1999, strCity=Medellin, strCodPostal=051050, strPassword=Martinez1985++, strConfirmPassword=Martinez1985++} [Given than Juan wants to sign up to the uTest site [Juan open up [Juan opens the U test page, Juan clicks on Button that shows us the signup form]]]
[Test worker] WARN net.thucydides.core.steps.BaseStepListener - stepFinished: current outcome:Sign up to uTest:Example: {strFirstName=Juan David, strLastName=Botero, strEmail=soundga226@yahoo.es, strMonthOfBirth=number:1, strDayOfBirth=12, strYearOfBirth=1999, strCity=Bello Antioquia, Colombia, strCodPostal=051050, strPassword=Martinez1985++, strConfirmPassword=Martinez1985++} [Given than Juan wants to sign up to the uTest site [Juan open up [Juan opens the U test page, Juan clicks on Button that shows us the signup form]], When he fills out the signup form
| strFirstName | strLastName | strEmail | strMonthOfBirth | strDayOfBirth | strYearOfBirth | strCity | strCodPostal | strPassword | strConfirmPassword |
| Juan David | Botero | soundga226@yahoo.es | number:1 | 12 | 1999 | Bello Antioquia, Colombia | 051050 | Martinez1985++ | Martinez1985++ | [Juan registration [Juan enters 'Juan David' into Where the user writes their first name, Juan enters 'Botero' into Where the user writes their last name, Juan enters 'soundga226@yahoo.es' into Where the user writes their email, Juan enters 'number:1' into Where the user selects their birth month, Juan enters '12' into Where the user writes their birth day, Juan enters '1999' into Where the user writes their birth year, Juan clicks on Button that shows us the next signup form page, Juan enters 'Bello Antioquia, Colombia' into Where the user selects their ubication/city, Juan types 'ARROW_DOWN' in Where the user selects their ubication/city, Juan types 'ENTER' in Where the user selects their ubication/city, Juan enters '051050' into Where the user puts their postal code, Juan clicks on Button that shows us the next signup form page, Juan clicks on Button that shows us the last signup form page, Juan enters 'Martinez1985++' into Where the user writes their password, Juan enters 'Martinez1985++' into Where the user confirms their password, Juan clicks on Where the user accepts the uTest Terms of Use, Juan clicks on Where the user accepts the uTest Privacy Policy, Juan clicks on Button that completes the setup]], Then he has registered on the website and receives a message
| strMessage |
| Welcome to the world's largest community of freelance software testers! | [Then answer]], Example: {strFirstName=Wilson, strLastName=Medina, strEmail=abcd@yahoo.es, strMonthOfBirth=number:7, strDayOfBirth=12, strYearOfBirth=1999, strCity=Medellin, strCodPostal=051050, strPassword=Martinez1985++, strConfirmPassword=Martinez1985++} [Given than Juan wants to sign up to the uTest site [Juan open up [Juan opens the U test page, Juan clicks on Button that shows us the signup form]]]
[Test worker] WARN net.thucydides.core.steps.BaseStepListener - stepFinished: current outcome:Sign up to uTest:Example: {strFirstName=Juan David, strLastName=Botero, strEmail=soundga226@yahoo.es, strMonthOfBirth=number:1, strDayOfBirth=12, strYearOfBirth=1999, strCity=Bello Antioquia, Colombia, strCodPostal=051050, strPassword=Martinez1985++, strConfirmPassword=Martinez1985++} [Given than Juan wants to sign up to the uTest site [Juan open up [Juan opens the U test page, Juan clicks on Button that shows us the signup form]], When he fills out the signup form
| strFirstName | strLastName | strEmail | strMonthOfBirth | strDayOfBirth | strYearOfBirth | strCity | strCodPostal | strPassword | strConfirmPassword |
| Juan David | Botero | soundga226@yahoo.es | number:1 | 12 | 1999 | Bello Antioquia, Colombia | 051050 | Martinez1985++ | Martinez1985++ | [Juan registration [Juan enters 'Juan David' into Where the user writes their first name, Juan enters 'Botero' into Where the user writes their last name, Juan enters 'soundga226@yahoo.es' into Where the user writes their email, Juan enters 'number:1' into Where the user selects their birth month, Juan enters '12' into Where the user writes their birth day, Juan enters '1999' into Where the user writes their birth year, Juan clicks on Button that shows us the next signup form page, Juan enters 'Bello Antioquia, Colombia' into Where the user selects their ubication/city, Juan types 'ARROW_DOWN' in Where the user selects their ubication/city, Juan types 'ENTER' in Where the user selects their ubication/city, Juan enters '051050' into Where the user puts their postal code, Juan clicks on Button that shows us the next signup form page, Juan clicks on Button that shows us the last signup form page, Juan enters 'Martinez1985++' into Where the user writes their password, Juan enters 'Martinez1985++' into Where the user confirms their password, Juan clicks on Where the user accepts the uTest Terms of Use, Juan clicks on Where the user accepts the uTest Privacy Policy, Juan clicks on Button that completes the setup]], Then he has registered on the website and receives a message
| strMessage |
| Welcome to the world's largest community of freelance software testers! | [Then answer]], Example: {strFirstName=Wilson, strLastName=Medina, strEmail=abcd@yahoo.es, strMonthOfBirth=number:7, strDayOfBirth=12, strYearOfBirth=1999, strCity=Medellin, strCodPostal=051050, strPassword=Martinez1985++, strConfirmPassword=Martinez1985++} [Given than Juan wants to sign up to the uTest site [Juan open up [Juan opens the U test page, Juan clicks on Button that shows us the signup form]]]
[Test worker] WARN net.thucydides.core.steps.BaseStepListener - stepStarted: net.thucydides.core.steps.ExecutedStepDescription@2b948292
[Test worker] WARN net.thucydides.core.steps.BaseStepListener - stepStarted: net.thucydides.core.steps.ExecutedStepDescription@2c21cae1
[Test worker] WARN net.thucydides.core.steps.BaseStepListener - stepStarted: net.thucydides.core.steps.ExecutedStepDescription@1ebb5168
[Test worker] WARN net.thucydides.core.steps.BaseStepListener - stepFinished: current outcome:Sign up to uTest:Example: {strFirstName=Juan David, strLastName=Botero, strEmail=soundga226@yahoo.es, strMonthOfBirth=number:1, strDayOfBirth=12, strYearOfBirth=1999, strCity=Bello Antioquia, Colombia, strCodPostal=051050, strPassword=Martinez1985++, strConfirmPassword=Martinez1985++} [Given than Juan wants to sign up to the uTest site [Juan open up [Juan opens the U test page, Juan clicks on Button that shows us the signup form]], When he fills out the signup form
| strFirstName | strLastName | strEmail | strMonthOfBirth | strDayOfBirth | strYearOfBirth | strCity | strCodPostal | strPassword | strConfirmPassword |
| Juan David | Botero | soundga226@yahoo.es | number:1 | 12 | 1999 | Bello Antioquia, Colombia | 051050 | Martinez1985++ | Martinez1985++ | [Juan registration [Juan enters 'Juan David' into Where the user writes their first name, Juan enters 'Botero' into Where the user writes their last name, Juan enters 'soundga226@yahoo.es' into Where the user writes their email, Juan enters 'number:1' into Where the user selects their birth month, Juan enters '12' into Where the user writes their birth day, Juan enters '1999' into Where the user writes their birth year, Juan clicks on Button that shows us the next signup form page, Juan enters 'Bello Antioquia, Colombia' into Where the user selects their ubication/city, Juan types 'ARROW_DOWN' in Where the user selects their ubication/city, Juan types 'ENTER' in Where the user selects their ubication/city, Juan enters '051050' into Where the user puts their postal code, Juan clicks on Button that shows us the next signup form page, Juan clicks on Button that shows us the last signup form page, Juan enters 'Martinez1985++' into Where the user writes their password, Juan enters 'Martinez1985++' into Where the user confirms their password, Juan clicks on Where the user accepts the uTest Terms of Use, Juan clicks on Where the user accepts the uTest Privacy Policy, Juan clicks on Button that completes the setup]], Then he has registered on the website and receives a message
| strMessage |
| Welcome to the world's largest community of freelance software testers! | [Then answer]], Example: {strFirstName=Wilson, strLastName=Medina, strEmail=abcd@yahoo.es, strMonthOfBirth=number:7, strDayOfBirth=12, strYearOfBirth=1999, strCity=Medellin, strCodPostal=051050, strPassword=Martinez1985++, strConfirmPassword=Martinez1985++} [Given than Juan wants to sign up to the uTest site [Juan open up [Juan opens the U test page, Juan clicks on Button that shows us the signup form]], When he fills out the signup form
| strFirstName | strLastName | strEmail | strMonthOfBirth | strDayOfBirth | strYearOfBirth | strCity | strCodPostal | strPassword | strConfirmPassword |
| Wilson | Medina | abcd@yahoo.es | number:7 | 12 | 1999 | Medellin | 051050 | Martinez1985++ | Martinez1985++ | [Juan registration [Juan enters 'Wilson' into Where the user writes their first name]]]
[Test worker] WARN net.thucydides.core.steps.BaseStepListener - stepStarted: net.thucydides.core.steps.ExecutedStepDescription@dfea7a7
[Test worker] WARN net.thucydides.core.steps.BaseStepListener - stepFinished: current outcome:Sign up to uTest:Example: {strFirstName=Juan David, strLastName=Botero, strEmail=soundga226@yahoo.es, strMonthOfBirth=number:1, strDayOfBirth=12, strYearOfBirth=1999, strCity=Bello Antioquia, Colombia, strCodPostal=051050, strPassword=Martinez1985++, strConfirmPassword=Martinez1985++} [Given than Juan wants to sign up to the uTest site [Juan open up [Juan opens the U test page, Juan clicks on Button that shows us the signup form]], When he fills out the signup form
| strFirstName | strLastName | strEmail | strMonthOfBirth | strDayOfBirth | strYearOfBirth | strCity | strCodPostal | strPassword | strConfirmPassword |
| Juan David | Botero | soundga226@yahoo.es | number:1 | 12 | 1999 | Bello Antioquia, Colombia | 051050 | Martinez1985++ | Martinez1985++ | [Juan registration [Juan enters 'Juan David' into Where the user writes their first name, Juan enters 'Botero' into Where the user writes their last name, Juan enters 'soundga226@yahoo.es' into Where the user writes their email, Juan enters 'number:1' into Where the user selects their birth month, Juan enters '12' into Where the user writes their birth day, Juan enters '1999' into Where the user writes their birth year, Juan clicks on Button that shows us the next signup form page, Juan enters 'Bello Antioquia, Colombia' into Where the user selects their ubication/city, Juan types 'ARROW_DOWN' in Where the user selects their ubication/city, Juan types 'ENTER' in Where the user selects their ubication/city, Juan enters '051050' into Where the user puts their postal code, Juan clicks on Button that shows us the next signup form page, Juan clicks on Button that shows us the last signup form page, Juan enters 'Martinez1985++' into Where the user writes their password, Juan enters 'Martinez1985++' into Where the user confirms their password, Juan clicks on Where the user accepts the uTest Terms of Use, Juan clicks on Where the user accepts the uTest Privacy Policy, Juan clicks on Button that completes the setup]], Then he has registered on the website and receives a message
| strMessage |
| Welcome to the world's largest community of freelance software testers! | [Then answer]], Example: {strFirstName=Wilson, strLastName=Medina, strEmail=abcd@yahoo.es, strMonthOfBirth=number:7, strDayOfBirth=12, strYearOfBirth=1999, strCity=Medellin, strCodPostal=051050, strPassword=Martinez1985++, strConfirmPassword=Martinez1985++} [Given than Juan wants to sign up to the uTest site [Juan open up [Juan opens the U test page, Juan clicks on Button that shows us the signup form]], When he fills out the signup form
| strFirstName | strLastName | strEmail | strMonthOfBirth | strDayOfBirth | strYearOfBirth | strCity | strCodPostal | strPassword | strConfirmPassword |
| Wilson | Medina | abcd@yahoo.es | number:7 | 12 | 1999 | Medellin | 051050 | Martinez1985++ | Martinez1985++ | [Juan registration [Juan enters 'Wilson' into Where the user writes their first name, Juan enters 'Medina' into Where the user writes their last name]]]
[Test worker] WARN net.thucydides.core.steps.BaseStepListener - stepStarted: net.thucydides.core.steps.ExecutedStepDescription@6749f2ed
[Test worker] WARN net.thucydides.core.steps.BaseStepListener - stepFinished: current outcome:Sign up to uTest:Example: {strFirstName=Juan David, strLastName=Botero, strEmail=soundga226@yahoo.es, strMonthOfBirth=number:1, strDayOfBirth=12, strYearOfBirth=1999, strCity=Bello Antioquia, Colombia, strCodPostal=051050, strPassword=Martinez1985++, strConfirmPassword=Martinez1985++} [Given than Juan wants to sign up to the uTest site [Juan open up [Juan opens the U test page, Juan clicks on Button that shows us the signup form]], When he fills out the signup form
| strFirstName | strLastName | strEmail | strMonthOfBirth | strDayOfBirth | strYearOfBirth | strCity | strCodPostal | strPassword | strConfirmPassword |
| Juan David | Botero | soundga226@yahoo.es | number:1 | 12 | 1999 | Bello Antioquia, Colombia | 051050 | Martinez1985++ | Martinez1985++ | [Juan registration [Juan enters 'Juan David' into Where the user writes their first name, Juan enters 'Botero' into Where the user writes their last name, Juan enters 'soundga226@yahoo.es' into Where the user writes their email, Juan enters 'number:1' into Where the user selects their birth month, Juan enters '12' into Where the user writes their birth day, Juan enters '1999' into Where the user writes their birth year, Juan clicks on Button that shows us the next signup form page, Juan enters 'Bello Antioquia, Colombia' into Where the user selects their ubication/city, Juan types 'ARROW_DOWN' in Where the user selects their ubication/city, Juan types 'ENTER' in Where the user selects their ubication/city, Juan enters '051050' into Where the user puts their postal code, Juan clicks on Button that shows us the next signup form page, Juan clicks on Button that shows us the last signup form page, Juan enters 'Martinez1985++' into Where the user writes their password, Juan enters 'Martinez1985++' into Where the user confirms their password, Juan clicks on Where the user accepts the uTest Terms of Use, Juan clicks on Where the user accepts the uTest Privacy Policy, Juan clicks on Button that completes the setup]], Then he has registered on the website and receives a message
| strMessage |
| Welcome to the world's largest community of freelance software testers! | [Then answer]], Example: {strFirstName=Wilson, strLastName=Medina, strEmail=abcd@yahoo.es, strMonthOfBirth=number:7, strDayOfBirth=12, strYearOfBirth=1999, strCity=Medellin, strCodPostal=051050, strPassword=Martinez1985++, strConfirmPassword=Martinez1985++} [Given than Juan wants to sign up to the uTest site [Juan open up [Juan opens the U test page, Juan clicks on Button that shows us the signup form]], When he fills out the signup form
| strFirstName | strLastName | strEmail | strMonthOfBirth | strDayOfBirth | strYearOfBirth | strCity | strCodPostal | strPassword | strConfirmPassword |
| Wilson | Medina | abcd@yahoo.es | number:7 | 12 | 1999 | Medellin | 051050 | Martinez1985++ | Martinez1985++ | [Juan registration [Juan enters 'Wilson' into Where the user writes their first name, Juan enters 'Medina' into Where the user writes their last name, Juan enters 'abcd@yahoo.es' into Where the user writes their email]]]
[Test worker] WARN net.thucydides.core.steps.BaseStepListener - stepStarted: net.thucydides.core.steps.ExecutedStepDescription@4192a2bc
[Test worker] WARN net.thucydides.core.steps.BaseStepListener - stepFinished: current outcome:Sign up to uTest:Example: {strFirstName=Juan David, strLastName=Botero, strEmail=soundga226@yahoo.es, strMonthOfBirth=number:1, strDayOfBirth=12, strYearOfBirth=1999, strCity=Bello Antioquia, Colombia, strCodPostal=051050, strPassword=Martinez1985++, strConfirmPassword=Martinez1985++} [Given than Juan wants to sign up to the uTest site [Juan open up [Juan opens the U test page, Juan clicks on Button that shows us the signup form]], When he fills out the signup form
| strFirstName | strLastName | strEmail | strMonthOfBirth | strDayOfBirth | strYearOfBirth | strCity | strCodPostal | strPassword | strConfirmPassword |
| Juan David | Botero | soundga226@yahoo.es | number:1 | 12 | 1999 | Bello Antioquia, Colombia | 051050 | Martinez1985++ | Martinez1985++ | [Juan registration [Juan enters 'Juan David' into Where the user writes their first name, Juan enters 'Botero' into Where the user writes their last name, Juan enters 'soundga226@yahoo.es' into Where the user writes their email, Juan enters 'number:1' into Where the user selects their birth month, Juan enters '12' into Where the user writes their birth day, Juan enters '1999' into Where the user writes their birth year, Juan clicks on Button that shows us the next signup form page, Juan enters 'Bello Antioquia, Colombia' into Where the user selects their ubication/city, Juan types 'ARROW_DOWN' in Where the user selects their ubication/city, Juan types 'ENTER' in Where the user selects their ubication/city, Juan enters '051050' into Where the user puts their postal code, Juan clicks on Button that shows us the next signup form page, Juan clicks on Button that shows us the last signup form page, Juan enters 'Martinez1985++' into Where the user writes their password, Juan enters 'Martinez1985++' into Where the user confirms their password, Juan clicks on Where the user accepts the uTest Terms of Use, Juan clicks on Where the user accepts the uTest Privacy Policy, Juan clicks on Button that completes the setup]], Then he has registered on the website and receives a message
| strMessage |
| Welcome to the world's largest community of freelance software testers! | [Then answer]], Example: {strFirstName=Wilson, strLastName=Medina, strEmail=abcd@yahoo.es, strMonthOfBirth=number:7, strDayOfBirth=12, strYearOfBirth=1999, strCity=Medellin, strCodPostal=051050, strPassword=Martinez1985++, strConfirmPassword=Martinez1985++} [Given than Juan wants to sign up to the uTest site [Juan open up [Juan opens the U test page, Juan clicks on Button that shows us the signup form]], When he fills out the signup form
| strFirstName | strLastName | strEmail | strMonthOfBirth | strDayOfBirth | strYearOfBirth | strCity | strCodPostal | strPassword | strConfirmPassword |
| Wilson | Medina | abcd@yahoo.es | number:7 | 12 | 1999 | Medellin | 051050 | Martinez1985++ | Martinez1985++ | [Juan registration [Juan enters 'Wilson' into Where the user writes their first name, Juan enters 'Medina' into Where the user writes their last name, Juan enters 'abcd@yahoo.es' into Where the user writes their email, Juan enters 'number:7' into Where the user selects their birth month]]]
[Test worker] WARN net.thucydides.core.steps.BaseStepListener - stepStarted: net.thucydides.core.steps.ExecutedStepDescription@75cba002
[...]
| strMessage |
| Welcome to the world's largest community of freelance software testers! | [Then answer]], Example: {strFirstName=Wilson, strLastName=Medina, strEmail=abcd@yahoo.es, strMonthOfBirth=number:7, strDayOfBirth=12, strYearOfBirth=1999, strCity=Medellin, strCodPostal=051050, strPassword=Martinez1985++, strConfirmPassword=Martinez1985++} [Given than Juan wants to sign up to the uTest site [Juan open up [Juan opens the U test page, Juan clicks on Button that shows us the signup form]], When he fills out the signup form
| strFirstName | strLastName | strEmail | strMonthOfBirth | strDayOfBirth | strYearOfBirth | strCity | strCodPostal | strPassword | strConfirmPassword |
| Wilson | Medina | abcd@yahoo.es | number:7 | 12 | 1999 | Medellin | 051050 | Martinez1985++ | Martinez1985++ | [Juan registration [Juan enters 'Wilson' into Where the user writes their first name, Juan enters 'Medina' into Where the user writes their last name, Juan enters 'abcd@yahoo.es' into Where the user writes their email, Juan enters 'number:7' into Where the user selects their birth month, Juan enters '12' into Where the user writes their birth day, Juan enters '1999' into Where the user writes their birth year, Juan clicks on Button that shows us the next signup form page, Juan enters 'Medellin' into Where the user selects their ubication/city, Juan types 'ARROW_DOWN' in Where the user selects their ubication/city, Juan types 'ENTER' in Where the user selects their ubication/city, Juan enters '051050' into Where the user puts their postal code, Juan clicks on Button that shows us the next signup form page, Juan clicks on Button that shows us the last signup form page, Juan enters 'Martinez1985++' into Where the user writes their password, Juan enters 'Martinez1985++' into Where the user confirms their password, Juan clicks on Where the user accepts the uTest Terms of Use]]]
[Test worker] WARN net.thucydides.core.steps.BaseStepListener - stepStarted: net.thucydides.core.steps.ExecutedStepDescription@2a3bac8d
[Test worker] WARN net.thucydides.core.steps.BaseStepListener - stepFinished: current outcome:Sign up to uTest:Example: {strFirstName=Juan David, strLastName=Botero, strEmail=soundga226@yahoo.es, strMonthOfBirth=number:1, strDayOfBirth=12, strYearOfBirth=1999, strCity=Bello Antioquia, Colombia, strCodPostal=051050, strPassword=Martinez1985++, strConfirmPassword=Martinez1985++} [Given than Juan wants to sign up to the uTest site [Juan open up [Juan opens the U test page, Juan clicks on Button that shows us the signup form]], When he fills out the signup form
| strFirstName | strLastName | strEmail | strMonthOfBirth | strDayOfBirth | strYearOfBirth | strCity | strCodPostal | strPassword | strConfirmPassword |
| Juan David | Botero | soundga226@yahoo.es | number:1 | 12 | 1999 | Bello Antioquia, Colombia | 051050 | Martinez1985++ | Martinez1985++ | [Juan registration [Juan enters 'Juan David' into Where the user writes their first name, Juan enters 'Botero' into Where the user writes their last name, Juan enters 'soundga226@yahoo.es' into Where the user writes their email, Juan enters 'number:1' into Where the user selects their birth month, Juan enters '12' into Where the user writes their birth day, Juan enters '1999' into Where the user writes their birth year, Juan clicks on Button that shows us the next signup form page, Juan enters 'Bello Antioquia, Colombia' into Where the user selects their ubication/city, Juan types 'ARROW_DOWN' in Where the user selects their ubication/city, Juan types 'ENTER' in Where the user selects their ubication/city, Juan enters '051050' into Where the user puts their postal code, Juan clicks on Button that shows us the next signup form page, Juan clicks on Button that shows us the last signup form page, Juan enters 'Martinez1985++' into Where the user writes their password, Juan enters 'Martinez1985++' into Where the user confirms their password, Juan clicks on Where the user accepts the uTest Terms of Use, Juan clicks on Where the user accepts the uTest Privacy Policy, Juan clicks on Button that completes the setup]], Then he has registered on the website and receives a message
| strMessage |
| Welcome to the world's largest community of freelance software testers! | [Then answer]], Example: {strFirstName=Wilson, strLastName=Medina, strEmail=abcd@yahoo.es, strMonthOfBirth=number:7, strDayOfBirth=12, strYearOfBirth=1999, strCity=Medellin, strCodPostal=051050, strPassword=Martinez1985++, strConfirmPassword=Martinez1985++} [Given than Juan wants to sign up to the uTest site [Juan open up [Juan opens the U test page, Juan clicks on Button that shows us the signup form]], When he fills out the signup form
| strFirstName | strLastName | strEmail | strMonthOfBirth | strDayOfBirth | strYearOfBirth | strCity | strCodPostal | strPassword | strConfirmPassword |
| Wilson | Medina | abcd@yahoo.es | number:7 | 12 | 1999 | Medellin | 051050 | Martinez1985++ | Martinez1985++ | [Juan registration [Juan enters 'Wilson' into Where the user writes their first name, Juan enters 'Medina' into Where the user writes their last name, Juan enters 'abcd@yahoo.es' into Where the user writes their email, Juan enters 'number:7' into Where the user selects their birth month, Juan enters '12' into Where the user writes their birth day, Juan enters '1999' into Where the user writes their birth year, Juan clicks on Button that shows us the next signup form page, Juan enters 'Medellin' into Where the user selects their ubication/city, Juan types 'ARROW_DOWN' in Where the user selects their ubication/city, Juan types 'ENTER' in Where the user selects their ubication/city, Juan enters '051050' into Where the user puts their postal code, Juan clicks on Button that shows us the next signup form page, Juan clicks on Button that shows us the last signup form page, Juan enters 'Martinez1985++' into Where the user writes their password, Juan enters 'Martinez1985++' into Where the user confirms their password, Juan clicks on Where the user accepts the uTest Terms of Use, Juan clicks on Where the user accepts the uTest Privacy Policy]]]
[Test worker] WARN net.thucydides.core.steps.BaseStepListener - stepStarted: net.thucydides.core.steps.ExecutedStepDescription@609f7938
[Test worker] WARN net.thucydides.core.steps.BaseStepListener - stepFinished: current outcome:Sign up to uTest:Example: {strFirstName=Juan David, strLastName=Botero, strEmail=soundga226@yahoo.es, strMonthOfBirth=number:1, strDayOfBirth=12, strYearOfBirth=1999, strCity=Bello Antioquia, Colombia, strCodPostal=051050, strPassword=Martinez1985++, strConfirmPassword=Martinez1985++} [Given than Juan wants to sign up to the uTest site [Juan open up [Juan opens the U test page, Juan clicks on Button that shows us the signup form]], When he fills out the signup form
| strFirstName | strLastName | strEmail | strMonthOfBirth | strDayOfBirth | strYearOfBirth | strCity | strCodPostal | strPassword | strConfirmPassword |
| Juan David | Botero | soundga226@yahoo.es | number:1 | 12 | 1999 | Bello Antioquia, Colombia | 051050 | Martinez1985++ | Martinez1985++ | [Juan registration [Juan enters 'Juan David' into Where the user writes their first name, Juan enters 'Botero' into Where the user writes their last name, Juan enters 'soundga226@yahoo.es' into Where the user writes their email, Juan enters 'number:1' into Where the user selects their birth month, Juan enters '12' into Where the user writes their birth day, Juan enters '1999' into Where the user writes their birth year, Juan clicks on Button that shows us the next signup form page, Juan enters 'Bello Antioquia, Colombia' into Where the user selects their ubication/city, Juan types 'ARROW_DOWN' in Where the user selects their ubication/city, Juan types 'ENTER' in Where the user selects their ubication/city, Juan enters '051050' into Where the user puts their postal code, Juan clicks on Button that shows us the next signup form page, Juan clicks on Button that shows us the last signup form page, Juan enters 'Martinez1985++' into Where the user writes their password, Juan enters 'Martinez1985++' into Where the user confirms their password, Juan clicks on Where the user accepts the uTest Terms of Use, Juan clicks on Where the user accepts the uTest Privacy Policy, Juan clicks on Button that completes the setup]], Then he has registered on the website and receives a message
| strMessage |
| Welcome to the world's largest community of freelance software testers! | [Then answer]], Example: {strFirstName=Wilson, strLastName=Medina, strEmail=abcd@yahoo.es, strMonthOfBirth=number:7, strDayOfBirth=12, strYearOfBirth=1999, strCity=Medellin, strCodPostal=051050, strPassword=Martinez1985++, strConfirmPassword=Martinez1985++} [Given than Juan wants to sign up to the uTest site [Juan open up [Juan opens the U test page, Juan clicks on Button that shows us the signup form]], When he fills out the signup form
| strFirstName | strLastName | strEmail | strMonthOfBirth | strDayOfBirth | strYearOfBirth | strCity | strCodPostal | strPassword | strConfirmPassword |
| Wilson | Medina | abcd@yahoo.es | number:7 | 12 | 1999 | Medellin | 051050 | Martinez1985++ | Martinez1985++ | [Juan registration [Juan enters 'Wilson' into Where the user writes their first name, Juan enters 'Medina' into Where the user writes their last name, Juan enters 'abcd@yahoo.es' into Where the user writes their email, Juan enters 'number:7' into Where the user selects their birth month, Juan enters '12' into Where the user writes their birth day, Juan enters '1999' into Where the user writes their birth year, Juan clicks on Button that shows us the next signup form page, Juan enters 'Medellin' into Where the user selects their ubication/city, Juan types 'ARROW_DOWN' in Where the user selects their ubication/city, Juan types 'ENTER' in Where the user selects their ubication/city, Juan enters '051050' into Where the user puts their postal code, Juan clicks on Button that shows us the next signup form page, Juan clicks on Button that shows us the last signup form page, Juan enters 'Martinez1985++' into Where the user writes their password, Juan enters 'Martinez1985++' into Where the user confirms their password, Juan clicks on Where the user accepts the uTest Terms of Use, Juan clicks on Where the user accepts the uTest Privacy Policy, Juan clicks on Button that completes the setup]]]
[Test worker] WARN net.thucydides.core.steps.BaseStepListener - stepFinished: current outcome:Sign up to uTest:Example: {strFirstName=Juan David, strLastName=Botero, strEmail=soundga226@yahoo.es, strMonthOfBirth=number:1, strDayOfBirth=12, strYearOfBirth=1999, strCity=Bello Antioquia, Colombia, strCodPostal=051050, strPassword=Martinez1985++, strConfirmPassword=Martinez1985++} [Given than Juan wants to sign up to the uTest site [Juan open up [Juan opens the U test page, Juan clicks on Button that shows us the signup form]], When he fills out the signup form
| strFirstName | strLastName | strEmail | strMonthOfBirth | strDayOfBirth | strYearOfBirth | strCity | strCodPostal | strPassword | strConfirmPassword |
| Juan David | Botero | soundga226@yahoo.es | number:1 | 12 | 1999 | Bello Antioquia, Colombia | 051050 | Martinez1985++ | Martinez1985++ | [Juan registration [Juan enters 'Juan David' into Where the user writes their first name, Juan enters 'Botero' into Where the user writes their last name, Juan enters 'soundga226@yahoo.es' into Where the user writes their email, Juan enters 'number:1' into Where the user selects their birth month, Juan enters '12' into Where the user writes their birth day, Juan enters '1999' into Where the user writes their birth year, Juan clicks on Button that shows us the next signup form page, Juan enters 'Bello Antioquia, Colombia' into Where the user selects their ubication/city, Juan types 'ARROW_DOWN' in Where the user selects their ubication/city, Juan types 'ENTER' in Where the user selects their ubication/city, Juan enters '051050' into Where the user puts their postal code, Juan clicks on Button that shows us the next signup form page, Juan clicks on Button that shows us the last signup form page, Juan enters 'Martinez1985++' into Where the user writes their password, Juan enters 'Martinez1985++' into Where the user confirms their password, Juan clicks on Where the user accepts the uTest Terms of Use, Juan clicks on Where the user accepts the uTest Privacy Policy, Juan clicks on Button that completes the setup]], Then he has registered on the website and receives a message
| strMessage |
| Welcome to the world's largest community of freelance software testers! | [Then answer]], Example: {strFirstName=Wilson, strLastName=Medina, strEmail=abcd@yahoo.es, strMonthOfBirth=number:7, strDayOfBirth=12, strYearOfBirth=1999, strCity=Medellin, strCodPostal=051050, strPassword=Martinez1985++, strConfirmPassword=Martinez1985++} [Given than Juan wants to sign up to the uTest site [Juan open up [Juan opens the U test page, Juan clicks on Button that shows us the signup form]], When he fills out the signup form
| strFirstName | strLastName | strEmail | strMonthOfBirth | strDayOfBirth | strYearOfBirth | strCity | strCodPostal | strPassword | strConfirmPassword |
| Wilson | Medina | abcd@yahoo.es | number:7 | 12 | 1999 | Medellin | 051050 | Martinez1985++ | Martinez1985++ | [Juan registration [Juan enters 'Wilson' into Where the user writes their first name, Juan enters 'Medina' into Where the user writes their last name, Juan enters 'abcd@yahoo.es' into Where the user writes their email, Juan enters 'number:7' into Where the user selects their birth month, Juan enters '12' into Where the user writes their birth day, Juan enters '1999' into Where the user writes their birth year, Juan clicks on Button that shows us the next signup form page, Juan enters 'Medellin' into Where the user selects their ubication/city, Juan types 'ARROW_DOWN' in Where the user selects their ubication/city, Juan types 'ENTER' in Where the user selects their ubication/city, Juan enters '051050' into Where the user puts their postal code, Juan clicks on Button that shows us the next signup form page, Juan clicks on Button that shows us the last signup form page, Juan enters 'Martinez1985++' into Where the user writes their password, Juan enters 'Martinez1985++' into Where the user confirms their password, Juan clicks on Where the user accepts the uTest Terms of Use, Juan clicks on Where the user accepts the uTest Privacy Policy, Juan clicks on Button that completes the setup]]]
[Test worker] WARN net.thucydides.core.steps.BaseStepListener - stepFinished: current outcome:Sign up to uTest:Example: {strFirstName=Juan David, strLastName=Botero, strEmail=soundga226@yahoo.es, strMonthOfBirth=number:1, strDayOfBirth=12, strYearOfBirth=1999, strCity=Bello Antioquia, Colombia, strCodPostal=051050, strPassword=Martinez1985++, strConfirmPassword=Martinez1985++} [Given than Juan wants to sign up to the uTest site [Juan open up [Juan opens the U test page, Juan clicks on Button that shows us the signup form]], When he fills out the signup form
| strFirstName | strLastName | strEmail | strMonthOfBirth | strDayOfBirth | strYearOfBirth | strCity | strCodPostal | strPassword | strConfirmPassword |
| Juan David | Botero | soundga226@yahoo.es | number:1 | 12 | 1999 | Bello Antioquia, Colombia | 051050 | Martinez1985++ | Martinez1985++ | [Juan registration [Juan enters 'Juan David' into Where the user writes their first name, Juan enters 'Botero' into Where the user writes their last name, Juan enters 'soundga226@yahoo.es' into Where the user writes their email, Juan enters 'number:1' into Where the user selects their birth month, Juan enters '12' into Where the user writes their birth day, Juan enters '1999' into Where the user writes their birth year, Juan clicks on Button that shows us the next signup form page, Juan enters 'Bello Antioquia, Colombia' into Where the user selects their ubication/city, Juan types 'ARROW_DOWN' in Where the user selects their ubication/city, Juan types 'ENTER' in Where the user selects their ubication/city, Juan enters '051050' into Where the user puts their postal code, Juan clicks on Button that shows us the next signup form page, Juan clicks on Button that shows us the last signup form page, Juan enters 'Martinez1985++' into Where the user writes their password, Juan enters 'Martinez1985++' into Where the user confirms their password, Juan clicks on Where the user accepts the uTest Terms of Use, Juan clicks on Where the user accepts the uTest Privacy Policy, Juan clicks on Button that completes the setup]], Then he has registered on the website and receives a message
| strMessage |
| Welcome to the world's largest community of freelance software testers! | [Then answer]], Example: {strFirstName=Wilson, strLastName=Medina, strEmail=abcd@yahoo.es, strMonthOfBirth=number:7, strDayOfBirth=12, strYearOfBirth=1999, strCity=Medellin, strCodPostal=051050, strPassword=Martinez1985++, strConfirmPassword=Martinez1985++} [Given than Juan wants to sign up to the uTest site [Juan open up [Juan opens the U test page, Juan clicks on Button that shows us the signup form]], When he fills out the signup form
| strFirstName | strLastName | strEmail | strMonthOfBirth | strDayOfBirth | strYearOfBirth | strCity | strCodPostal | strPassword | strConfirmPassword |
| Wilson | Medina | abcd@yahoo.es | number:7 | 12 | 1999 | Medellin | 051050 | Martinez1985++ | Martinez1985++ | [Juan registration [Juan enters 'Wilson' into Where the user writes their first name, Juan enters 'Medina' into Where the user writes their last name, Juan enters 'abcd@yahoo.es' into Where the user writes their email, Juan enters 'number:7' into Where the user selects their birth month, Juan enters '12' into Where the user writes their birth day, Juan enters '1999' into Where the user writes their birth year, Juan clicks on Button that shows us the next signup form page, Juan enters 'Medellin' into Where the user selects their ubication/city, Juan types 'ARROW_DOWN' in Where the user selects their ubication/city, Juan types 'ENTER' in Where the user selects their ubication/city, Juan enters '051050' into Where the user puts their postal code, Juan clicks on Button that shows us the next signup form page, Juan clicks on Button that shows us the last signup form page, Juan enters 'Martinez1985++' into Where the user writes their password, Juan enters 'Martinez1985++' into Where the user confirms their password, Juan clicks on Where the user accepts the uTest Terms of Use, Juan clicks on Where the user accepts the uTest Privacy Policy, Juan clicks on Button that completes the setup]]]
[Test worker] WARN net.thucydides.core.steps.BaseStepListener - stepStarted: net.thucydides.core.steps.ExecutedStepDescription@785fc457
[Test worker] WARN net.thucydides.core.steps.BaseStepListener - stepStarted: net.thucydides.core.steps.ExecutedStepDescription@70ac27e3
]]></system-err>
</testsuite>
