{"name":"Sign up to uTest","id":"utest-registration;sign-up-to-utest","testSteps":[{"number":1,"description":"Example: {strFirstName\u003dJuan David, strLastName\u003dBotero, strEmail\u003dsoundga22@yahoo.es, strMonthOfBirth\u003dnumber:1, strDayOfBirth\u003d12, strYearOfBirth\u003d1999, strPassword\u003dMartinez1985++, strConfirmPassword\u003dMartinez1985++}","duration":27263,"startTime":"2021-10-25T02:06:45.663-05:00[America/Mexico_City]","exception":{"errorType":"java.lang.AssertionError","message":"invalid selector: Unable to locate an element with the xpath expression /html/body/ui-view/unauthenticated-container/div/div/div/ui-view/div/div/div/div[1]/div/h1] because of the following error:\nSyntaxError: Failed to execute \u0027evaluate\u0027 on \u0027Document\u0027: The string \u0027/html/body/ui-view/unauthenticated-container/div/div/div/ui-view/div/div/div/div[1]/div/h1]\u0027 is not a valid XPath expression.\n  (Session info: chrome\u003d94.0.4606.81)\nFor documentation on this error, please visit: https://www.seleniumhq.org/exceptions/invalid_selector_exception.html\nBuild info: version: \u00273.141.59\u0027, revision: \u0027e82be7d358\u0027, time: \u00272018-11-14T08:17:03\u0027\nSystem info: host: \u0027LAPTOP-KEUA4AQO\u0027, ip: \u0027192.168.1.3\u0027, os.name: \u0027Windows 10\u0027, os.arch: \u0027amd64\u0027, os.version: \u002710.0\u0027, java.version: \u00271.8.0_311\u0027\nDriver info: org.openqa.selenium.chrome.ChromeDriver\nCapabilities {acceptInsecureCerts: false, browserName: chrome, browserVersion: 94.0.4606.81, chrome: {chromedriverVersion: 93.0.4577.63 (ff5c0da2ec0ad..., userDataDir: C:\\Users\\Acer\\AppData\\Local...}, goog:chromeOptions: {debuggerAddress: localhost:64440}, javascriptEnabled: true, networkConnectionEnabled: false, pageLoadStrategy: normal, platform: WINDOWS, platformName: WINDOWS, proxy: Proxy(), setWindowRect: true, strictFileInteractability: false, timeouts: {implicit: 0, pageLoad: 300000, script: 30000}, unhandledPromptBehavior: dismiss and notify, webauthn:extension:credBlob: true, webauthn:extension:largeBlob: true, webauthn:virtualAuthenticators: true}\nSession ID: fa11f57fc59fd8b790aadfae1f707596\n*** Element info: {Using\u003dxpath, value\u003d/html/body/ui-view/unauthenticated-container/div/div/div/ui-view/div/div/div/div[1]/div/h1]}","stackTrace":[{"declaringClass":"stepdefinitions.UTestRegistrationStepDefinitions","methodName":"heHasRegisteredOnTheWebsiteAndReceivesAMessage","fileName":"UTestRegistrationStepDefinitions.java","lineNumber":39},{"declaringClass":"✽","methodName":"he has registered on the website and receives a message","fileName":"src/test/resources/features/uTestRegistration.feature","lineNumber":11}]},"result":"FAILURE","precondition":false,"level":0,"lineNumber":0,"children":[{"number":2,"description":"Given than Juan wants to sign up to the uTest site","duration":10690,"startTime":"2021-10-25T02:06:45.726-05:00[America/Mexico_City]","screenshots":[{"screenshot":"46c4f6eb5f79ed7a90bd9a81f20847cf8dd9344b811f9cf8dee7d1c57dd60112.png","timeStamp":1635145616415}],"result":"SUCCESS","precondition":false,"level":1,"lineNumber":0,"children":[{"number":3,"description":"Juan open up","duration":9266,"startTime":"2021-10-25T02:06:46.450-05:00[America/Mexico_City]","screenshots":[{"screenshot":"2d05bd2442eaffc45b63f07a03edf50226893a5e86c94980114bbf4d5f3456f1.png","timeStamp":1635145615716}],"result":"SUCCESS","precondition":false,"level":2,"lineNumber":0,"children":[{"number":4,"description":"Juan opens the U test page","duration":8411,"startTime":"2021-10-25T02:06:46.481-05:00[America/Mexico_City]","screenshots":[{"screenshot":"e3c6aec2cb1c9df9c4dd61b50dae7d0fea5c6901d1d99b002ae3766f4b3047fb.png","timeStamp":1635145614890}],"result":"SUCCESS","precondition":false,"level":3,"lineNumber":0},{"number":5,"description":"Juan clicks on Button that shows us the Join Today button","duration":774,"startTime":"2021-10-25T02:06:54.911-05:00[America/Mexico_City]","screenshots":[{"screenshot":"2d05bd2442eaffc45b63f07a03edf50226893a5e86c94980114bbf4d5f3456f1.png","timeStamp":1635145615685}],"result":"SUCCESS","precondition":false,"level":3,"lineNumber":0}]}]},{"number":6,"description":"When he fills out the signup form\r\n| strFirstName | strLastName | strEmail | strMonthOfBirth | strDayOfBirth | strYearOfBirth | strPassword | strConfirmPassword |\r\n| Juan David | Botero | soundga22@yahoo.es | number:1 | 12 | 1999 | Martinez1985++ | Martinez1985++ |","duration":15216,"startTime":"2021-10-25T02:06:56.422-05:00[America/Mexico_City]","screenshots":[{"screenshot":"becbadba78798c016d3a62ffcfb7812cab5d53d8e953476227fe0ccdfa8b23ab.png","timeStamp":1635145631637}],"result":"SUCCESS","precondition":false,"level":1,"lineNumber":0,"children":[{"number":7,"description":"Juan registration","duration":15102,"startTime":"2021-10-25T02:06:56.514-05:00[America/Mexico_City]","screenshots":[{"screenshot":"becbadba78798c016d3a62ffcfb7812cab5d53d8e953476227fe0ccdfa8b23ab.png","timeStamp":1635145631616}],"result":"SUCCESS","precondition":false,"level":2,"lineNumber":0,"children":[{"number":8,"description":"Juan enters \u0027Juan David\u0027 into Where the user writes their first name","duration":1826,"startTime":"2021-10-25T02:06:56.775-05:00[America/Mexico_City]","screenshots":[{"screenshot":"d4b4d141ffd2f2f4dfc99834789435709f30d9fa89e7fd4cdce2cbf8b2d347e3.png","timeStamp":1635145618599}],"result":"SUCCESS","precondition":false,"level":3,"lineNumber":0},{"number":9,"description":"Juan enters \u0027Botero\u0027 into Where the user writes their last name","duration":1097,"startTime":"2021-10-25T02:06:58.638-05:00[America/Mexico_City]","screenshots":[{"screenshot":"fee10f667169e0ffa80f59660141a85eb2dde41748b5d19fde4118b9f0d975b8.png","timeStamp":1635145619735}],"result":"SUCCESS","precondition":false,"level":3,"lineNumber":0},{"number":10,"description":"Juan enters \u0027soundga22@yahoo.es\u0027 into Where the user writes their email","duration":1044,"startTime":"2021-10-25T02:06:59.735-05:00[America/Mexico_City]","screenshots":[{"screenshot":"881f986aa25890cab0a2d047d32fc2906d86f1ffa99bb57fd417174e5f0d9640.png","timeStamp":1635145620779}],"result":"SUCCESS","precondition":false,"level":3,"lineNumber":0},{"number":11,"description":"Juan enters \u0027number:1\u0027 into Where the user selects their birth month","duration":675,"startTime":"2021-10-25T02:07:00.782-05:00[America/Mexico_City]","screenshots":[{"screenshot":"fe3561ab67ec127cd5aee57c357bd285a6348939b80642fcbe23df20a695021f.png","timeStamp":1635145621457}],"result":"SUCCESS","precondition":false,"level":3,"lineNumber":0},{"number":12,"description":"Juan enters \u002712\u0027 into Where the user writes their birth day","duration":669,"startTime":"2021-10-25T02:07:01.457-05:00[America/Mexico_City]","screenshots":[{"screenshot":"d245bbe4798f72f11e0f941875b784bf763f974ddd2c9d56bf771bdeadb8a6a4.png","timeStamp":1635145622126}],"result":"SUCCESS","precondition":false,"level":3,"lineNumber":0},{"number":13,"description":"Juan enters \u00271999\u0027 into Where the user writes their birth year","duration":741,"startTime":"2021-10-25T02:07:02.126-05:00[America/Mexico_City]","screenshots":[{"screenshot":"f3bf3a3186ff677f94b142e9d92d886ad27d2d1ccb9398e4659f3a56565432dd.png","timeStamp":1635145622867}],"result":"SUCCESS","precondition":false,"level":3,"lineNumber":0},{"number":14,"description":"Juan clicks on Button that shows us the next signup form page","duration":1141,"startTime":"2021-10-25T02:07:02.883-05:00[America/Mexico_City]","screenshots":[{"screenshot":"d64ce16cf0915dfe5fc3d8a4bf25d2fa3f220c65f8773e6e189a24ac13e95276.png","timeStamp":1635145624024}],"result":"SUCCESS","precondition":false,"level":3,"lineNumber":0},{"number":15,"description":"Juan clicks on Button that shows us the next signup form page","duration":1366,"startTime":"2021-10-25T02:07:04.027-05:00[America/Mexico_City]","screenshots":[{"screenshot":"566dda9f18b2a976d1c7e5e0e9304b6a83a31538ebfab96de7b4e75784b561df.png","timeStamp":1635145625393}],"result":"SUCCESS","precondition":false,"level":3,"lineNumber":0},{"number":16,"description":"Juan clicks on Button that shows us the last signup form page","duration":1200,"startTime":"2021-10-25T02:07:05.396-05:00[America/Mexico_City]","screenshots":[{"screenshot":"e673aa9ab0a6a3df5b5c71afa9b40314c6ef10eff69b97d9025c4f5b57f66ee6.png","timeStamp":1635145626596}],"result":"SUCCESS","precondition":false,"level":3,"lineNumber":0},{"number":17,"description":"Juan enters \u0027Martinez1985++\u0027 into Where the user writes their password","duration":1224,"startTime":"2021-10-25T02:07:06.599-05:00[America/Mexico_City]","screenshots":[{"screenshot":"11c7d6731788b5992bed7b8226855540fe62a82b54b9744b1330c2b72ea746ba.png","timeStamp":1635145627823}],"result":"SUCCESS","precondition":false,"level":3,"lineNumber":0},{"number":18,"description":"Juan enters \u0027Martinez1985++\u0027 into Where the user confirms their password","duration":1087,"startTime":"2021-10-25T02:07:07.831-05:00[America/Mexico_City]","screenshots":[{"screenshot":"915e431570e70e6f5ea8f614d4a409f783887a199c0b1b625706bf558e344134.png","timeStamp":1635145628918}],"result":"SUCCESS","precondition":false,"level":3,"lineNumber":0},{"number":19,"description":"Juan clicks on Where the user accepts the uTest Terms of Use","duration":766,"startTime":"2021-10-25T02:07:08.918-05:00[America/Mexico_City]","screenshots":[{"screenshot":"4a0913193312270a4530378aa29279e6edc190ed475f6df4f740eda79e8a6a15.png","timeStamp":1635145629684}],"result":"SUCCESS","precondition":false,"level":3,"lineNumber":0},{"number":20,"description":"Juan clicks on Where the user accepts the uTest Privacy Policy","duration":678,"startTime":"2021-10-25T02:07:09.684-05:00[America/Mexico_City]","screenshots":[{"screenshot":"6709c5954f055baab803b4ac1d08c2d59945945ffb3c526198097196a8c1c727.png","timeStamp":1635145630362}],"result":"SUCCESS","precondition":false,"level":3,"lineNumber":0},{"number":21,"description":"Juan clicks on Button that completes the setup","duration":1234,"startTime":"2021-10-25T02:07:10.363-05:00[America/Mexico_City]","screenshots":[{"screenshot":"becbadba78798c016d3a62ffcfb7812cab5d53d8e953476227fe0ccdfa8b23ab.png","timeStamp":1635145631597}],"result":"SUCCESS","precondition":false,"level":3,"lineNumber":0}]}]},{"number":22,"description":"Then he has registered on the website and receives a message\r\n| strMessage |\r\n| Welcome to the world\u0027s largest community of freelance software testers! |","duration":1261,"startTime":"2021-10-25T02:07:11.639-05:00[America/Mexico_City]","exception":{"errorType":"java.lang.AssertionError","message":"invalid selector: Unable to locate an element with the xpath expression /html/body/ui-view/unauthenticated-container/div/div/div/ui-view/div/div/div/div[1]/div/h1] because of the following error:\nSyntaxError: Failed to execute \u0027evaluate\u0027 on \u0027Document\u0027: The string \u0027/html/body/ui-view/unauthenticated-container/div/div/div/ui-view/div/div/div/div[1]/div/h1]\u0027 is not a valid XPath expression.\n  (Session info: chrome\u003d94.0.4606.81)\nFor documentation on this error, please visit: https://www.seleniumhq.org/exceptions/invalid_selector_exception.html\nBuild info: version: \u00273.141.59\u0027, revision: \u0027e82be7d358\u0027, time: \u00272018-11-14T08:17:03\u0027\nSystem info: host: \u0027LAPTOP-KEUA4AQO\u0027, ip: \u0027192.168.1.3\u0027, os.name: \u0027Windows 10\u0027, os.arch: \u0027amd64\u0027, os.version: \u002710.0\u0027, java.version: \u00271.8.0_311\u0027\nDriver info: org.openqa.selenium.chrome.ChromeDriver\nCapabilities {acceptInsecureCerts: false, browserName: chrome, browserVersion: 94.0.4606.81, chrome: {chromedriverVersion: 93.0.4577.63 (ff5c0da2ec0ad..., userDataDir: C:\\Users\\Acer\\AppData\\Local...}, goog:chromeOptions: {debuggerAddress: localhost:64440}, javascriptEnabled: true, networkConnectionEnabled: false, pageLoadStrategy: normal, platform: WINDOWS, platformName: WINDOWS, proxy: Proxy(), setWindowRect: true, strictFileInteractability: false, timeouts: {implicit: 0, pageLoad: 300000, script: 30000}, unhandledPromptBehavior: dismiss and notify, webauthn:extension:credBlob: true, webauthn:extension:largeBlob: true, webauthn:virtualAuthenticators: true}\nSession ID: fa11f57fc59fd8b790aadfae1f707596\n*** Element info: {Using\u003dxpath, value\u003d/html/body/ui-view/unauthenticated-container/div/div/div/ui-view/div/div/div/div[1]/div/h1]}","stackTrace":[{"declaringClass":"stepdefinitions.UTestRegistrationStepDefinitions","methodName":"heHasRegisteredOnTheWebsiteAndReceivesAMessage","fileName":"UTestRegistrationStepDefinitions.java","lineNumber":39},{"declaringClass":"✽","methodName":"he has registered on the website and receives a message","fileName":"src/test/resources/features/uTestRegistration.feature","lineNumber":11}]},"result":"FAILURE","precondition":false,"level":1,"lineNumber":0,"children":[{"number":23,"description":"Then answer","duration":1025,"startTime":"2021-10-25T02:07:11.842-05:00[America/Mexico_City]","screenshots":[{"screenshot":"dda6a40c995b632ecf55f45dd19835186655e23efdc3ed6979551ccf8f44366b.png","htmlSource":"pagesource4673216398640040046.html.txt","timeStamp":1635145632862}],"exception":{"errorType":"org.openqa.selenium.InvalidSelectorException","message":"invalid selector: Unable to locate an element with the xpath expression /html/body/ui-view/unauthenticated-container/div/div/div/ui-view/div/div/div/div[1]/div/h1] because of the following error:\nSyntaxError: Failed to execute \u0027evaluate\u0027 on \u0027Document\u0027: The string \u0027/html/body/ui-view/unauthenticated-container/div/div/div/ui-view/div/div/div/div[1]/div/h1]\u0027 is not a valid XPath expression.\n  (Session info: chrome\u003d94.0.4606.81)\nFor documentation on this error, please visit: https://www.seleniumhq.org/exceptions/invalid_selector_exception.html\nBuild info: version: \u00273.141.59\u0027, revision: \u0027e82be7d358\u0027, time: \u00272018-11-14T08:17:03\u0027\nSystem info: host: \u0027LAPTOP-KEUA4AQO\u0027, ip: \u0027192.168.1.3\u0027, os.name: \u0027Windows 10\u0027, os.arch: \u0027amd64\u0027, os.version: \u002710.0\u0027, java.version: \u00271.8.0_311\u0027\nDriver info: org.openqa.selenium.chrome.ChromeDriver\nCapabilities {acceptInsecureCerts: false, browserName: chrome, browserVersion: 94.0.4606.81, chrome: {chromedriverVersion: 93.0.4577.63 (ff5c0da2ec0ad..., userDataDir: C:\\Users\\Acer\\AppData\\Local...}, goog:chromeOptions: {debuggerAddress: localhost:64440}, javascriptEnabled: true, networkConnectionEnabled: false, pageLoadStrategy: normal, platform: WINDOWS, platformName: WINDOWS, proxy: Proxy(), setWindowRect: true, strictFileInteractability: false, timeouts: {implicit: 0, pageLoad: 300000, script: 30000}, unhandledPromptBehavior: dismiss and notify, webauthn:extension:credBlob: true, webauthn:extension:largeBlob: true, webauthn:virtualAuthenticators: true}\nSession ID: fa11f57fc59fd8b790aadfae1f707596\n*** Element info: {Using\u003dxpath, value\u003d/html/body/ui-view/unauthenticated-container/div/div/div/ui-view/div/div/div/div[1]/div/h1]}","stackTrace":[{"declaringClass":"questions.Answer","methodName":"answeredBy","fileName":"Answer.java","lineNumber":24},{"declaringClass":"questions.Answer","methodName":"answeredBy","fileName":"Answer.java","lineNumber":8},{"declaringClass":"stepdefinitions.UTestRegistrationStepDefinitions","methodName":"heHasRegisteredOnTheWebsiteAndReceivesAMessage","fileName":"UTestRegistrationStepDefinitions.java","lineNumber":39},{"declaringClass":"cucumber.runner.Runner","methodName":"runPickle","fileName":"Runner.java","lineNumber":80}]},"result":"ERROR","precondition":false,"level":2,"lineNumber":0}]}]}],"userStory":{"id":"utest-registration","storyName":"uTest Registration","path":"src/test/resources/features/uTestRegistration.feature","narrative":"  A user want to Sign up to uTest","type":"feature"},"featureTag":{"name":"Features/uTest Registration","type":"feature","displayName":"Features/uTest Registration"},"title":"Sign up to uTest","tags":[{"name":"uTest Registration","type":"feature","displayName":"uTest Registration"},{"name":"scenario1","type":"tag","displayName":"scenario1"},{"name":"stories","type":"tag","displayName":"stories"}],"startTime":"2021-10-25T02:06:45.554-05:00[America/Mexico_City]","duration":28136,"testFailureCause":{"errorType":"org.openqa.selenium.InvalidSelectorException","message":"invalid selector: Unable to locate an element with the xpath expression /html/body/ui-view/unauthenticated-container/div/div/div/ui-view/div/div/div/div[1]/div/h1] because of the following error:\nSyntaxError: Failed to execute \u0027evaluate\u0027 on \u0027Document\u0027: The string \u0027/html/body/ui-view/unauthenticated-container/div/div/div/ui-view/div/div/div/div[1]/div/h1]\u0027 is not a valid XPath expression.\n  (Session info: chrome\u003d94.0.4606.81)\nFor documentation on this error, please visit: https://www.seleniumhq.org/exceptions/invalid_selector_exception.html\nBuild info: version: \u00273.141.59\u0027, revision: \u0027e82be7d358\u0027, time: \u00272018-11-14T08:17:03\u0027\nSystem info: host: \u0027LAPTOP-KEUA4AQO\u0027, ip: \u0027192.168.1.3\u0027, os.name: \u0027Windows 10\u0027, os.arch: \u0027amd64\u0027, os.version: \u002710.0\u0027, java.version: \u00271.8.0_311\u0027\nDriver info: org.openqa.selenium.chrome.ChromeDriver\nCapabilities {acceptInsecureCerts: false, browserName: chrome, browserVersion: 94.0.4606.81, chrome: {chromedriverVersion: 93.0.4577.63 (ff5c0da2ec0ad..., userDataDir: C:\\Users\\Acer\\AppData\\Local...}, goog:chromeOptions: {debuggerAddress: localhost:64440}, javascriptEnabled: true, networkConnectionEnabled: false, pageLoadStrategy: normal, platform: WINDOWS, platformName: WINDOWS, proxy: Proxy(), setWindowRect: true, strictFileInteractability: false, timeouts: {implicit: 0, pageLoad: 300000, script: 30000}, unhandledPromptBehavior: dismiss and notify, webauthn:extension:credBlob: true, webauthn:extension:largeBlob: true, webauthn:virtualAuthenticators: true}\nSession ID: fa11f57fc59fd8b790aadfae1f707596\n*** Element info: {Using\u003dxpath, value\u003d/html/body/ui-view/unauthenticated-container/div/div/div/ui-view/div/div/div/div[1]/div/h1]}","stackTrace":[{"declaringClass":"questions.Answer","methodName":"answeredBy","fileName":"Answer.java","lineNumber":24},{"declaringClass":"questions.Answer","methodName":"answeredBy","fileName":"Answer.java","lineNumber":8},{"declaringClass":"stepdefinitions.UTestRegistrationStepDefinitions","methodName":"heHasRegisteredOnTheWebsiteAndReceivesAMessage","fileName":"UTestRegistrationStepDefinitions.java","lineNumber":39},{"declaringClass":"cucumber.runner.Runner","methodName":"runPickle","fileName":"Runner.java","lineNumber":80}]},"testFailureClassname":"org.openqa.selenium.InvalidSelectorException","testFailureMessage":"invalid selector: Unable to locate an element with the xpath expression /html/body/ui-view/unauthenticated-container/div/div/div/ui-view/div/div/div/div[1]/div/h1] because of the following error:\nSyntaxError: Failed to execute \u0027evaluate\u0027 on \u0027Document\u0027: The string \u0027/html/body/ui-view/unauthenticated-container/div/div/div/ui-view/div/div/div/div[1]/div/h1]\u0027 is not a valid XPath expression.\n  (Session info: chrome\u003d94.0.4606.81)\nFor documentation on this error, please visit: https://www.seleniumhq.org/exceptions/invalid_selector_exception.html\nBuild info: version: \u00273.141.59\u0027, revision: \u0027e82be7d358\u0027, time: \u00272018-11-14T08:17:03\u0027\nSystem info: host: \u0027LAPTOP-KEUA4AQO\u0027, ip: \u0027192.168.1.3\u0027, os.name: \u0027Windows 10\u0027, os.arch: \u0027amd64\u0027, os.version: \u002710.0\u0027, java.version: \u00271.8.0_311\u0027\nDriver info: org.openqa.selenium.chrome.ChromeDriver\nCapabilities {acceptInsecureCerts: false, browserName: chrome, browserVersion: 94.0.4606.81, chrome: {chromedriverVersion: 93.0.4577.63 (ff5c0da2ec0ad..., userDataDir: C:\\Users\\Acer\\AppData\\Local...}, goog:chromeOptions: {debuggerAddress: localhost:64440}, javascriptEnabled: true, networkConnectionEnabled: false, pageLoadStrategy: normal, platform: WINDOWS, platformName: WINDOWS, proxy: Proxy(), setWindowRect: true, strictFileInteractability: false, timeouts: {implicit: 0, pageLoad: 300000, script: 30000}, unhandledPromptBehavior: dismiss and notify, webauthn:extension:credBlob: true, webauthn:extension:largeBlob: true, webauthn:virtualAuthenticators: true}\nSession ID: fa11f57fc59fd8b790aadfae1f707596\n*** Element info: {Using\u003dxpath, value\u003d/html/body/ui-view/unauthenticated-container/div/div/div/ui-view/div/div/div/div[1]/div/h1]}","testFailureSummary":"ERROR;org.openqa.selenium.InvalidSelectorException;invalid selector: Unable to locate an element with the xpath expression /html/body/ui-view/unauthenticated-container/div/div/div/ui-view/div/div/div/div[1]/div/h1] because of the following error:\nSyntaxError: Failed to execute \u0027evaluate\u0027 on \u0027Document\u0027: The string \u0027/html/body/ui-view/unauthenticated-container/div/div/div/ui-view/div/div/div/div[1]/div/h1]\u0027 is not a valid XPath expression.\n  (Session info: chrome\u003d94.0.4606.81)\nFor documentation on this error, please visit: https://www.seleniumhq.org/exceptions/invalid_selector_exception.html\nBuild info: version: \u00273.141.59\u0027, revision: \u0027e82be7d358\u0027, time: \u00272018-11-14T08:17:03\u0027\nSystem info: host: \u0027LAPTOP-KEUA4AQO\u0027, ip: \u0027192.168.1.3\u0027, os.name: \u0027Windows 10\u0027, os.arch: \u0027amd64\u0027, os.version: \u002710.0\u0027, java.version: \u00271.8.0_311\u0027\nDriver info: org.openqa.selenium.chrome.ChromeDriver\nCapabilities {acceptInsecureCerts: false, browserName: chrome, browserVersion: 94.0.4606.81, chrome: {chromedriverVersion: 93.0.4577.63 (ff5c0da2ec0ad..., userDataDir: C:\\Users\\Acer\\AppData\\Local...}, goog:chromeOptions: {debuggerAddress: localhost:64440}, javascriptEnabled: true, networkConnectionEnabled: false, pageLoadStrategy: normal, platform: WINDOWS, platformName: WINDOWS, proxy: Proxy(), setWindowRect: true, strictFileInteractability: false, timeouts: {implicit: 0, pageLoad: 300000, script: 30000}, unhandledPromptBehavior: dismiss and notify, webauthn:extension:credBlob: true, webauthn:extension:largeBlob: true, webauthn:virtualAuthenticators: true}\nSession ID: fa11f57fc59fd8b790aadfae1f707596\n*** Element info: {Using\u003dxpath, value\u003d/html/body/ui-view/unauthenticated-container/div/div/div/ui-view/div/div/div/div[1]/div/h1]};Answer.java","projectKey":"","annotatedResult":"ERROR","isManualTestingUpToDate":false,"dataTable":{"headers":["strFirstName","strLastName","strEmail","strMonthOfBirth","strDayOfBirth","strYearOfBirth","strPassword","strConfirmPassword"],"rows":[{"values":["Juan David","Botero","soundga22@yahoo.es","number:1","12","1999","Martinez1985++","Martinez1985++"],"lineNumber":17,"result":"ERROR"}],"predefinedRows":true,"scenarioOutline":"Given than Juan wants to sign up to the uTest site\n\rWhen he fills out the signup form\n\rThen he has registered on the website and receives a message\n\r","dataSetDescriptors":[{"startRow":0,"rowCount":0,"name":""}],"lineNumbersForEachRow":{"0":17}},"manual":false,"testSource":"Cucumber","actors":[{"name":"Juan","can":["browse the web"]}],"result":"ERROR","scenarioOutline":"Given than Juan wants to sign up to the uTest site\r\nWhen he fills out the signup form\r\n|strFirstName | strLastName | strEmail | strMonthOfBirth | strDayOfBirth | strYearOfBirth | strPassword | strConfirmPassword|\r\n|\u003cstrFirstName\u003e | \u003cstrLastName\u003e | \u003cstrEmail\u003e | \u003cstrMonthOfBirth\u003e | \u003cstrDayOfBirth\u003e | \u003cstrYearOfBirth\u003e | \u003cstrPassword\u003e | \u003cstrConfirmPassword\u003e|\r\nThen he has registered on the website and receives a message\r\n|strMessage|\r\n|Welcome to the world\u0027s largest community of freelance software testers!|"}